2020-06-07T05:30:13+00:00 CRITICAL Uncaught Error: Class 'Automattic\WooCommerce\Admin\API\OnboardingPlugins' not found in C:\xampp\htdocs\wordpress\wp-content\plugins\woocommerce\packages\woocommerce-admin\src\Notes\WC_Admin_Notes_Install_JP_And_WCS_Plugins.php:121
Stack trace:
#0 C:\xampp\htdocs\wordpress\wp-content\plugins\woocommerce\packages\woocommerce-admin\src\Notes\WC_Admin_Notes_Install_JP_And_WCS_Plugins.php(110): Automattic\WooCommerce\Admin\Notes\WC_Admin_Notes_Install_JP_And_WCS_Plugins->install_and_activate_plugin('jetpack')
#1 C:\xampp\htdocs\wordpress\wp-includes\class-wp-hook.php(287): Automattic\WooCommerce\Admin\Notes\WC_Admin_Notes_Install_JP_And_WCS_Plugins->install_jp_and_wcs_plugins(Object(Automattic\WooCommerce\Admin\Notes\WC_Admin_Note))
#2 C:\xampp\htdocs\wordpress\wp-includes\class-wp-hook.php(311): WP_Hook->apply_filters('', Array)
#3 C:\xampp\htdocs\wordpress\wp-includes\plugin.php(478): WP_Hook->do_action(Array)
#4 C:\xampp\htdocs\wordpress\wp-content\plugins\woocommerce\packages\woocommerce-admin\src\API\NoteAct in C:\xampp\htdocs\wordpress\wp-content\plugins\woocommerce\packages\woocommerce-admin\src\Notes\WC_Admin_Notes_Install_JP_And_WCS_Plugins.php on line 121

2020-06-07T16:50:18+00:00 CRITICAL Uncaught Error: Call to undefined method settings_tabs_field::admin_scripts() in C:\xampp\htdocs\wordpress\wp-content\plugins\woocommerce-products-slider\woocommerce-products-slider.php:148
Stack trace:
#0 C:\xampp\htdocs\wordpress\wp-includes\class-wp-hook.php(287): WoocommerceProductsSlider->_admin_scripts('plugins.php')
#1 C:\xampp\htdocs\wordpress\wp-includes\class-wp-hook.php(311): WP_Hook->apply_filters(NULL, Array)
#2 C:\xampp\htdocs\wordpress\wp-includes\plugin.php(478): WP_Hook->do_action(Array)
#3 C:\xampp\htdocs\wordpress\wp-admin\admin-header.php(104): do_action('admin_enqueue_s...', 'plugins.php')
#4 C:\xampp\htdocs\wordpress\wp-admin\plugins.php(486): require_once('C:\\xampp\\htdocs...')
#5 {main}
  thrown in C:\xampp\htdocs\wordpress\wp-content\plugins\woocommerce-products-slider\woocommerce-products-slider.php on line 148

2020-06-07T16:50:30+00:00 CRITICAL Uncaught Error: Call to undefined method settings_tabs_field::admin_scripts() in C:\xampp\htdocs\wordpress\wp-content\plugins\woocommerce-products-slider\woocommerce-products-slider.php:148
Stack trace:
#0 C:\xampp\htdocs\wordpress\wp-includes\class-wp-hook.php(287): WoocommerceProductsSlider->_admin_scripts('plugins.php')
#1 C:\xampp\htdocs\wordpress\wp-includes\class-wp-hook.php(311): WP_Hook->apply_filters(NULL, Array)
#2 C:\xampp\htdocs\wordpress\wp-includes\plugin.php(478): WP_Hook->do_action(Array)
#3 C:\xampp\htdocs\wordpress\wp-admin\admin-header.php(104): do_action('admin_enqueue_s...', 'plugins.php')
#4 C:\xampp\htdocs\wordpress\wp-admin\plugins.php(486): require_once('C:\\xampp\\htdocs...')
#5 {main}
  thrown in C:\xampp\htdocs\wordpress\wp-content\plugins\woocommerce-products-slider\woocommerce-products-slider.php on line 148

2020-06-07T16:50:52+00:00 CRITICAL Uncaught Error: Call to undefined method settings_tabs_field::admin_scripts() in C:\xampp\htdocs\wordpress\wp-content\plugins\woocommerce-products-slider\woocommerce-products-slider.php:148
Stack trace:
#0 C:\xampp\htdocs\wordpress\wp-includes\class-wp-hook.php(287): WoocommerceProductsSlider->_admin_scripts('index.php')
#1 C:\xampp\htdocs\wordpress\wp-includes\class-wp-hook.php(311): WP_Hook->apply_filters(NULL, Array)
#2 C:\xampp\htdocs\wordpress\wp-includes\plugin.php(478): WP_Hook->do_action(Array)
#3 C:\xampp\htdocs\wordpress\wp-admin\admin-header.php(104): do_action('admin_enqueue_s...', 'index.php')
#4 C:\xampp\htdocs\wordpress\wp-admin\index.php(111): require_once('C:\\xampp\\htdocs...')
#5 {main}
  thrown in C:\xampp\htdocs\wordpress\wp-content\plugins\woocommerce-products-slider\woocommerce-products-slider.php on line 148

2020-06-07T16:54:07+00:00 CRITICAL Uncaught Error: Call to undefined method settings_tabs_field::admin_scripts() in C:\xampp\htdocs\wordpress\wp-content\plugins\woocommerce-products-slider\woocommerce-products-slider.php:148
Stack trace:
#0 C:\xampp\htdocs\wordpress\wp-includes\class-wp-hook.php(287): WoocommerceProductsSlider->_admin_scripts('index.php')
#1 C:\xampp\htdocs\wordpress\wp-includes\class-wp-hook.php(311): WP_Hook->apply_filters(NULL, Array)
#2 C:\xampp\htdocs\wordpress\wp-includes\plugin.php(478): WP_Hook->do_action(Array)
#3 C:\xampp\htdocs\wordpress\wp-admin\admin-header.php(104): do_action('admin_enqueue_s...', 'index.php')
#4 C:\xampp\htdocs\wordpress\wp-admin\index.php(111): require_once('C:\\xampp\\htdocs...')
#5 {main}
  thrown in C:\xampp\htdocs\wordpress\wp-content\plugins\woocommerce-products-slider\woocommerce-products-slider.php on line 148

