2020-06-10T23:06:17+00:00 CRITICAL Uncaught RuntimeException: Error saving action: Error saving action: Database error. in C:\xampp\htdocs\art-clothes\wp-content\plugins\woocommerce\packages\action-scheduler\classes\migration\ActionScheduler_DBStoreMigrator.php:44
Stack trace:
#0 C:\xampp\htdocs\art-clothes\wp-content\plugins\woocommerce\packages\action-scheduler\classes\data-stores\ActionScheduler_HybridStore.php(242): ActionScheduler_DBStoreMigrator->save_action(Object(ActionScheduler_Action), NULL)
#1 C:\xampp\htdocs\art-clothes\wp-content\plugins\woocommerce\packages\action-scheduler\classes\ActionScheduler_ActionFactory.php(177): ActionScheduler_HybridStore->save_action(Object(ActionScheduler_Action))
#2 C:\xampp\htdocs\art-clothes\wp-content\plugins\woocommerce\packages\action-scheduler\classes\ActionScheduler_ActionFactory.php(84): ActionScheduler_ActionFactory->store(Object(ActionScheduler_Action))
#3 C:\xampp\htdocs\art-clothes\wp-content\plugins\woocommerce\packages\action-scheduler\functions.php(36): ActionScheduler_ActionFactory->s in C:\xampp\htdocs\art-clothes\wp-content\plugins\woocommerce\packages\action-scheduler\classes\migration\ActionScheduler_DBStoreMigrator.php on line 44

2020-06-10T23:06:27+00:00 CRITICAL Uncaught RuntimeException: Error saving action: Error saving action: Database error. in C:\xampp\htdocs\art-clothes\wp-content\plugins\woocommerce\packages\action-scheduler\classes\migration\ActionScheduler_DBStoreMigrator.php:44
Stack trace:
#0 C:\xampp\htdocs\art-clothes\wp-content\plugins\woocommerce\packages\action-scheduler\classes\data-stores\ActionScheduler_HybridStore.php(242): ActionScheduler_DBStoreMigrator->save_action(Object(ActionScheduler_Action), NULL)
#1 C:\xampp\htdocs\art-clothes\wp-content\plugins\woocommerce\packages\action-scheduler\classes\ActionScheduler_ActionFactory.php(177): ActionScheduler_HybridStore->save_action(Object(ActionScheduler_Action))
#2 C:\xampp\htdocs\art-clothes\wp-content\plugins\woocommerce\packages\action-scheduler\classes\ActionScheduler_ActionFactory.php(84): ActionScheduler_ActionFactory->store(Object(ActionScheduler_Action))
#3 C:\xampp\htdocs\art-clothes\wp-content\plugins\woocommerce\packages\action-scheduler\functions.php(36): ActionScheduler_ActionFactory->s in C:\xampp\htdocs\art-clothes\wp-content\plugins\woocommerce\packages\action-scheduler\classes\migration\ActionScheduler_DBStoreMigrator.php on line 44

2020-06-10T23:06:30+00:00 CRITICAL Uncaught RuntimeException: Error saving action: Error saving action: Database error. in C:\xampp\htdocs\art-clothes\wp-content\plugins\woocommerce\packages\action-scheduler\classes\migration\ActionScheduler_DBStoreMigrator.php:44
Stack trace:
#0 C:\xampp\htdocs\art-clothes\wp-content\plugins\woocommerce\packages\action-scheduler\classes\data-stores\ActionScheduler_HybridStore.php(242): ActionScheduler_DBStoreMigrator->save_action(Object(ActionScheduler_Action), NULL)
#1 C:\xampp\htdocs\art-clothes\wp-content\plugins\woocommerce\packages\action-scheduler\classes\ActionScheduler_ActionFactory.php(177): ActionScheduler_HybridStore->save_action(Object(ActionScheduler_Action))
#2 C:\xampp\htdocs\art-clothes\wp-content\plugins\woocommerce\packages\action-scheduler\classes\ActionScheduler_ActionFactory.php(84): ActionScheduler_ActionFactory->store(Object(ActionScheduler_Action))
#3 C:\xampp\htdocs\art-clothes\wp-content\plugins\woocommerce\packages\action-scheduler\functions.php(36): ActionScheduler_ActionFactory->s in C:\xampp\htdocs\art-clothes\wp-content\plugins\woocommerce\packages\action-scheduler\classes\migration\ActionScheduler_DBStoreMigrator.php on line 44

2020-06-10T23:06:32+00:00 CRITICAL Uncaught RuntimeException: Error saving action: Error saving action: Database error. in C:\xampp\htdocs\art-clothes\wp-content\plugins\woocommerce\packages\action-scheduler\classes\migration\ActionScheduler_DBStoreMigrator.php:44
Stack trace:
#0 C:\xampp\htdocs\art-clothes\wp-content\plugins\woocommerce\packages\action-scheduler\classes\data-stores\ActionScheduler_HybridStore.php(242): ActionScheduler_DBStoreMigrator->save_action(Object(ActionScheduler_Action), NULL)
#1 C:\xampp\htdocs\art-clothes\wp-content\plugins\woocommerce\packages\action-scheduler\classes\ActionScheduler_ActionFactory.php(177): ActionScheduler_HybridStore->save_action(Object(ActionScheduler_Action))
#2 C:\xampp\htdocs\art-clothes\wp-content\plugins\woocommerce\packages\action-scheduler\classes\ActionScheduler_ActionFactory.php(84): ActionScheduler_ActionFactory->store(Object(ActionScheduler_Action))
#3 C:\xampp\htdocs\art-clothes\wp-content\plugins\woocommerce\packages\action-scheduler\functions.php(36): ActionScheduler_ActionFactory->s in C:\xampp\htdocs\art-clothes\wp-content\plugins\woocommerce\packages\action-scheduler\classes\migration\ActionScheduler_DBStoreMigrator.php on line 44

2020-06-10T23:06:37+00:00 CRITICAL Uncaught RuntimeException: Error saving action: Error saving action: Database error. in C:\xampp\htdocs\art-clothes\wp-content\plugins\woocommerce\packages\action-scheduler\classes\migration\ActionScheduler_DBStoreMigrator.php:44
Stack trace:
#0 C:\xampp\htdocs\art-clothes\wp-content\plugins\woocommerce\packages\action-scheduler\classes\data-stores\ActionScheduler_HybridStore.php(242): ActionScheduler_DBStoreMigrator->save_action(Object(ActionScheduler_Action), NULL)
#1 C:\xampp\htdocs\art-clothes\wp-content\plugins\woocommerce\packages\action-scheduler\classes\ActionScheduler_ActionFactory.php(177): ActionScheduler_HybridStore->save_action(Object(ActionScheduler_Action))
#2 C:\xampp\htdocs\art-clothes\wp-content\plugins\woocommerce\packages\action-scheduler\classes\ActionScheduler_ActionFactory.php(84): ActionScheduler_ActionFactory->store(Object(ActionScheduler_Action))
#3 C:\xampp\htdocs\art-clothes\wp-content\plugins\woocommerce\packages\action-scheduler\functions.php(36): ActionScheduler_ActionFactory->s in C:\xampp\htdocs\art-clothes\wp-content\plugins\woocommerce\packages\action-scheduler\classes\migration\ActionScheduler_DBStoreMigrator.php on line 44

2020-06-10T23:06:57+00:00 CRITICAL Uncaught RuntimeException: Error saving action: Error saving action: Database error. in C:\xampp\htdocs\art-clothes\wp-content\plugins\woocommerce\packages\action-scheduler\classes\migration\ActionScheduler_DBStoreMigrator.php:44
Stack trace:
#0 C:\xampp\htdocs\art-clothes\wp-content\plugins\woocommerce\packages\action-scheduler\classes\data-stores\ActionScheduler_HybridStore.php(242): ActionScheduler_DBStoreMigrator->save_action(Object(ActionScheduler_Action), NULL)
#1 C:\xampp\htdocs\art-clothes\wp-content\plugins\woocommerce\packages\action-scheduler\classes\ActionScheduler_ActionFactory.php(177): ActionScheduler_HybridStore->save_action(Object(ActionScheduler_Action))
#2 C:\xampp\htdocs\art-clothes\wp-content\plugins\woocommerce\packages\action-scheduler\classes\ActionScheduler_ActionFactory.php(84): ActionScheduler_ActionFactory->store(Object(ActionScheduler_Action))
#3 C:\xampp\htdocs\art-clothes\wp-content\plugins\woocommerce\packages\action-scheduler\functions.php(36): ActionScheduler_ActionFactory->s in C:\xampp\htdocs\art-clothes\wp-content\plugins\woocommerce\packages\action-scheduler\classes\migration\ActionScheduler_DBStoreMigrator.php on line 44

2020-06-10T23:07:14+00:00 CRITICAL Uncaught RuntimeException: Error saving action: Error saving action: Database error. in C:\xampp\htdocs\art-clothes\wp-content\plugins\woocommerce\packages\action-scheduler\classes\migration\ActionScheduler_DBStoreMigrator.php:44
Stack trace:
#0 C:\xampp\htdocs\art-clothes\wp-content\plugins\woocommerce\packages\action-scheduler\classes\data-stores\ActionScheduler_HybridStore.php(242): ActionScheduler_DBStoreMigrator->save_action(Object(ActionScheduler_Action), NULL)
#1 C:\xampp\htdocs\art-clothes\wp-content\plugins\woocommerce\packages\action-scheduler\classes\ActionScheduler_ActionFactory.php(177): ActionScheduler_HybridStore->save_action(Object(ActionScheduler_Action))
#2 C:\xampp\htdocs\art-clothes\wp-content\plugins\woocommerce\packages\action-scheduler\classes\ActionScheduler_ActionFactory.php(84): ActionScheduler_ActionFactory->store(Object(ActionScheduler_Action))
#3 C:\xampp\htdocs\art-clothes\wp-content\plugins\woocommerce\packages\action-scheduler\functions.php(36): ActionScheduler_ActionFactory->s in C:\xampp\htdocs\art-clothes\wp-content\plugins\woocommerce\packages\action-scheduler\classes\migration\ActionScheduler_DBStoreMigrator.php on line 44

2020-06-10T23:07:38+00:00 CRITICAL Uncaught RuntimeException: Error saving action: Error saving action: Database error. in C:\xampp\htdocs\art-clothes\wp-content\plugins\woocommerce\packages\action-scheduler\classes\migration\ActionScheduler_DBStoreMigrator.php:44
Stack trace:
#0 C:\xampp\htdocs\art-clothes\wp-content\plugins\woocommerce\packages\action-scheduler\classes\data-stores\ActionScheduler_HybridStore.php(242): ActionScheduler_DBStoreMigrator->save_action(Object(ActionScheduler_Action), NULL)
#1 C:\xampp\htdocs\art-clothes\wp-content\plugins\woocommerce\packages\action-scheduler\classes\ActionScheduler_ActionFactory.php(177): ActionScheduler_HybridStore->save_action(Object(ActionScheduler_Action))
#2 C:\xampp\htdocs\art-clothes\wp-content\plugins\woocommerce\packages\action-scheduler\classes\ActionScheduler_ActionFactory.php(84): ActionScheduler_ActionFactory->store(Object(ActionScheduler_Action))
#3 C:\xampp\htdocs\art-clothes\wp-content\plugins\woocommerce\packages\action-scheduler\functions.php(36): ActionScheduler_ActionFactory->s in C:\xampp\htdocs\art-clothes\wp-content\plugins\woocommerce\packages\action-scheduler\classes\migration\ActionScheduler_DBStoreMigrator.php on line 44

2020-06-10T23:07:38+00:00 CRITICAL Uncaught RuntimeException: Error saving action: Error saving action: Database error. in C:\xampp\htdocs\art-clothes\wp-content\plugins\woocommerce\packages\action-scheduler\classes\migration\ActionScheduler_DBStoreMigrator.php:44
Stack trace:
#0 C:\xampp\htdocs\art-clothes\wp-content\plugins\woocommerce\packages\action-scheduler\classes\data-stores\ActionScheduler_HybridStore.php(242): ActionScheduler_DBStoreMigrator->save_action(Object(ActionScheduler_Action), NULL)
#1 C:\xampp\htdocs\art-clothes\wp-content\plugins\woocommerce\packages\action-scheduler\classes\ActionScheduler_ActionFactory.php(177): ActionScheduler_HybridStore->save_action(Object(ActionScheduler_Action))
#2 C:\xampp\htdocs\art-clothes\wp-content\plugins\woocommerce\packages\action-scheduler\classes\ActionScheduler_ActionFactory.php(84): ActionScheduler_ActionFactory->store(Object(ActionScheduler_Action))
#3 C:\xampp\htdocs\art-clothes\wp-content\plugins\woocommerce\packages\action-scheduler\functions.php(36): ActionScheduler_ActionFactory->s in C:\xampp\htdocs\art-clothes\wp-content\plugins\woocommerce\packages\action-scheduler\classes\migration\ActionScheduler_DBStoreMigrator.php on line 44

2020-06-10T23:18:26+00:00 CRITICAL Uncaught RuntimeException: Error saving action: Error saving action: Database error. in C:\xampp\htdocs\art-clothes\wp-content\plugins\woocommerce\packages\action-scheduler\classes\migration\ActionScheduler_DBStoreMigrator.php:44
Stack trace:
#0 C:\xampp\htdocs\art-clothes\wp-content\plugins\woocommerce\packages\action-scheduler\classes\data-stores\ActionScheduler_HybridStore.php(242): ActionScheduler_DBStoreMigrator->save_action(Object(ActionScheduler_Action), NULL)
#1 C:\xampp\htdocs\art-clothes\wp-content\plugins\woocommerce\packages\action-scheduler\classes\ActionScheduler_ActionFactory.php(177): ActionScheduler_HybridStore->save_action(Object(ActionScheduler_Action))
#2 C:\xampp\htdocs\art-clothes\wp-content\plugins\woocommerce\packages\action-scheduler\classes\ActionScheduler_ActionFactory.php(84): ActionScheduler_ActionFactory->store(Object(ActionScheduler_Action))
#3 C:\xampp\htdocs\art-clothes\wp-content\plugins\woocommerce\packages\action-scheduler\functions.php(36): ActionScheduler_ActionFactory->s in C:\xampp\htdocs\art-clothes\wp-content\plugins\woocommerce\packages\action-scheduler\classes\migration\ActionScheduler_DBStoreMigrator.php on line 44

2020-06-10T23:18:26+00:00 CRITICAL Uncaught RuntimeException: Error saving action: Error saving action: Database error. in C:\xampp\htdocs\art-clothes\wp-content\plugins\woocommerce\packages\action-scheduler\classes\migration\ActionScheduler_DBStoreMigrator.php:44
Stack trace:
#0 C:\xampp\htdocs\art-clothes\wp-content\plugins\woocommerce\packages\action-scheduler\classes\data-stores\ActionScheduler_HybridStore.php(242): ActionScheduler_DBStoreMigrator->save_action(Object(ActionScheduler_Action), NULL)
#1 C:\xampp\htdocs\art-clothes\wp-content\plugins\woocommerce\packages\action-scheduler\classes\ActionScheduler_ActionFactory.php(177): ActionScheduler_HybridStore->save_action(Object(ActionScheduler_Action))
#2 C:\xampp\htdocs\art-clothes\wp-content\plugins\woocommerce\packages\action-scheduler\classes\ActionScheduler_ActionFactory.php(84): ActionScheduler_ActionFactory->store(Object(ActionScheduler_Action))
#3 C:\xampp\htdocs\art-clothes\wp-content\plugins\woocommerce\packages\action-scheduler\functions.php(36): ActionScheduler_ActionFactory->s in C:\xampp\htdocs\art-clothes\wp-content\plugins\woocommerce\packages\action-scheduler\classes\migration\ActionScheduler_DBStoreMigrator.php on line 44

2020-06-10T23:18:27+00:00 CRITICAL Uncaught RuntimeException: Error saving action: Error saving action: Database error. in C:\xampp\htdocs\art-clothes\wp-content\plugins\woocommerce\packages\action-scheduler\classes\migration\ActionScheduler_DBStoreMigrator.php:44
Stack trace:
#0 C:\xampp\htdocs\art-clothes\wp-content\plugins\woocommerce\packages\action-scheduler\classes\data-stores\ActionScheduler_HybridStore.php(242): ActionScheduler_DBStoreMigrator->save_action(Object(ActionScheduler_Action), NULL)
#1 C:\xampp\htdocs\art-clothes\wp-content\plugins\woocommerce\packages\action-scheduler\classes\ActionScheduler_ActionFactory.php(177): ActionScheduler_HybridStore->save_action(Object(ActionScheduler_Action))
#2 C:\xampp\htdocs\art-clothes\wp-content\plugins\woocommerce\packages\action-scheduler\classes\ActionScheduler_ActionFactory.php(84): ActionScheduler_ActionFactory->store(Object(ActionScheduler_Action))
#3 C:\xampp\htdocs\art-clothes\wp-content\plugins\woocommerce\packages\action-scheduler\functions.php(36): ActionScheduler_ActionFactory->s in C:\xampp\htdocs\art-clothes\wp-content\plugins\woocommerce\packages\action-scheduler\classes\migration\ActionScheduler_DBStoreMigrator.php on line 44

2020-06-10T23:19:32+00:00 CRITICAL Uncaught RuntimeException: Error saving action: Error saving action: Database error. in C:\xampp\htdocs\art-clothes\wp-content\plugins\woocommerce\packages\action-scheduler\classes\migration\ActionScheduler_DBStoreMigrator.php:44
Stack trace:
#0 C:\xampp\htdocs\art-clothes\wp-content\plugins\woocommerce\packages\action-scheduler\classes\data-stores\ActionScheduler_HybridStore.php(242): ActionScheduler_DBStoreMigrator->save_action(Object(ActionScheduler_Action), NULL)
#1 C:\xampp\htdocs\art-clothes\wp-content\plugins\woocommerce\packages\action-scheduler\classes\ActionScheduler_ActionFactory.php(177): ActionScheduler_HybridStore->save_action(Object(ActionScheduler_Action))
#2 C:\xampp\htdocs\art-clothes\wp-content\plugins\woocommerce\packages\action-scheduler\classes\ActionScheduler_ActionFactory.php(84): ActionScheduler_ActionFactory->store(Object(ActionScheduler_Action))
#3 C:\xampp\htdocs\art-clothes\wp-content\plugins\woocommerce\packages\action-scheduler\functions.php(36): ActionScheduler_ActionFactory->s in C:\xampp\htdocs\art-clothes\wp-content\plugins\woocommerce\packages\action-scheduler\classes\migration\ActionScheduler_DBStoreMigrator.php on line 44

2020-06-10T23:19:33+00:00 CRITICAL Uncaught RuntimeException: Error saving action: Error saving action: Database error. in C:\xampp\htdocs\art-clothes\wp-content\plugins\woocommerce\packages\action-scheduler\classes\migration\ActionScheduler_DBStoreMigrator.php:44
Stack trace:
#0 C:\xampp\htdocs\art-clothes\wp-content\plugins\woocommerce\packages\action-scheduler\classes\data-stores\ActionScheduler_HybridStore.php(242): ActionScheduler_DBStoreMigrator->save_action(Object(ActionScheduler_Action), NULL)
#1 C:\xampp\htdocs\art-clothes\wp-content\plugins\woocommerce\packages\action-scheduler\classes\ActionScheduler_ActionFactory.php(177): ActionScheduler_HybridStore->save_action(Object(ActionScheduler_Action))
#2 C:\xampp\htdocs\art-clothes\wp-content\plugins\woocommerce\packages\action-scheduler\classes\ActionScheduler_ActionFactory.php(84): ActionScheduler_ActionFactory->store(Object(ActionScheduler_Action))
#3 C:\xampp\htdocs\art-clothes\wp-content\plugins\woocommerce\packages\action-scheduler\functions.php(36): ActionScheduler_ActionFactory->s in C:\xampp\htdocs\art-clothes\wp-content\plugins\woocommerce\packages\action-scheduler\classes\migration\ActionScheduler_DBStoreMigrator.php on line 44

2020-06-10T23:19:33+00:00 CRITICAL Uncaught RuntimeException: Error saving action: Error saving action: Database error. in C:\xampp\htdocs\art-clothes\wp-content\plugins\woocommerce\packages\action-scheduler\classes\migration\ActionScheduler_DBStoreMigrator.php:44
Stack trace:
#0 C:\xampp\htdocs\art-clothes\wp-content\plugins\woocommerce\packages\action-scheduler\classes\data-stores\ActionScheduler_HybridStore.php(242): ActionScheduler_DBStoreMigrator->save_action(Object(ActionScheduler_Action), NULL)
#1 C:\xampp\htdocs\art-clothes\wp-content\plugins\woocommerce\packages\action-scheduler\classes\ActionScheduler_ActionFactory.php(177): ActionScheduler_HybridStore->save_action(Object(ActionScheduler_Action))
#2 C:\xampp\htdocs\art-clothes\wp-content\plugins\woocommerce\packages\action-scheduler\classes\ActionScheduler_ActionFactory.php(84): ActionScheduler_ActionFactory->store(Object(ActionScheduler_Action))
#3 C:\xampp\htdocs\art-clothes\wp-content\plugins\woocommerce\packages\action-scheduler\functions.php(36): ActionScheduler_ActionFactory->s in C:\xampp\htdocs\art-clothes\wp-content\plugins\woocommerce\packages\action-scheduler\classes\migration\ActionScheduler_DBStoreMigrator.php on line 44

2020-06-10T23:19:42+00:00 CRITICAL Uncaught RuntimeException: Error saving action: Error saving action: Database error. in C:\xampp\htdocs\art-clothes\wp-content\plugins\woocommerce\packages\action-scheduler\classes\migration\ActionScheduler_DBStoreMigrator.php:44
Stack trace:
#0 C:\xampp\htdocs\art-clothes\wp-content\plugins\woocommerce\packages\action-scheduler\classes\data-stores\ActionScheduler_HybridStore.php(242): ActionScheduler_DBStoreMigrator->save_action(Object(ActionScheduler_Action), NULL)
#1 C:\xampp\htdocs\art-clothes\wp-content\plugins\woocommerce\packages\action-scheduler\classes\ActionScheduler_ActionFactory.php(177): ActionScheduler_HybridStore->save_action(Object(ActionScheduler_Action))
#2 C:\xampp\htdocs\art-clothes\wp-content\plugins\woocommerce\packages\action-scheduler\classes\ActionScheduler_ActionFactory.php(84): ActionScheduler_ActionFactory->store(Object(ActionScheduler_Action))
#3 C:\xampp\htdocs\art-clothes\wp-content\plugins\woocommerce\packages\action-scheduler\functions.php(36): ActionScheduler_ActionFactory->s in C:\xampp\htdocs\art-clothes\wp-content\plugins\woocommerce\packages\action-scheduler\classes\migration\ActionScheduler_DBStoreMigrator.php on line 44

2020-06-10T23:21:01+00:00 CRITICAL Uncaught RuntimeException: Error saving action: Error saving action: Database error. in C:\xampp\htdocs\art-clothes\wp-content\plugins\woocommerce\packages\action-scheduler\classes\migration\ActionScheduler_DBStoreMigrator.php:44
Stack trace:
#0 C:\xampp\htdocs\art-clothes\wp-content\plugins\woocommerce\packages\action-scheduler\classes\data-stores\ActionScheduler_HybridStore.php(242): ActionScheduler_DBStoreMigrator->save_action(Object(ActionScheduler_Action), NULL)
#1 C:\xampp\htdocs\art-clothes\wp-content\plugins\woocommerce\packages\action-scheduler\classes\ActionScheduler_ActionFactory.php(177): ActionScheduler_HybridStore->save_action(Object(ActionScheduler_Action))
#2 C:\xampp\htdocs\art-clothes\wp-content\plugins\woocommerce\packages\action-scheduler\classes\ActionScheduler_ActionFactory.php(84): ActionScheduler_ActionFactory->store(Object(ActionScheduler_Action))
#3 C:\xampp\htdocs\art-clothes\wp-content\plugins\woocommerce\packages\action-scheduler\functions.php(36): ActionScheduler_ActionFactory->s in C:\xampp\htdocs\art-clothes\wp-content\plugins\woocommerce\packages\action-scheduler\classes\migration\ActionScheduler_DBStoreMigrator.php on line 44

2020-06-10T23:21:01+00:00 CRITICAL Uncaught RuntimeException: Error saving action: Error saving action: Database error. in C:\xampp\htdocs\art-clothes\wp-content\plugins\woocommerce\packages\action-scheduler\classes\migration\ActionScheduler_DBStoreMigrator.php:44
Stack trace:
#0 C:\xampp\htdocs\art-clothes\wp-content\plugins\woocommerce\packages\action-scheduler\classes\data-stores\ActionScheduler_HybridStore.php(242): ActionScheduler_DBStoreMigrator->save_action(Object(ActionScheduler_Action), NULL)
#1 C:\xampp\htdocs\art-clothes\wp-content\plugins\woocommerce\packages\action-scheduler\classes\ActionScheduler_ActionFactory.php(177): ActionScheduler_HybridStore->save_action(Object(ActionScheduler_Action))
#2 C:\xampp\htdocs\art-clothes\wp-content\plugins\woocommerce\packages\action-scheduler\classes\ActionScheduler_ActionFactory.php(84): ActionScheduler_ActionFactory->store(Object(ActionScheduler_Action))
#3 C:\xampp\htdocs\art-clothes\wp-content\plugins\woocommerce\packages\action-scheduler\functions.php(36): ActionScheduler_ActionFactory->s in C:\xampp\htdocs\art-clothes\wp-content\plugins\woocommerce\packages\action-scheduler\classes\migration\ActionScheduler_DBStoreMigrator.php on line 44

2020-06-10T23:27:24+00:00 CRITICAL Uncaught RuntimeException: Error saving action: Error saving action: Database error. in C:\xampp\htdocs\art-clothes\wp-content\plugins\woocommerce\packages\action-scheduler\classes\migration\ActionScheduler_DBStoreMigrator.php:44
Stack trace:
#0 C:\xampp\htdocs\art-clothes\wp-content\plugins\woocommerce\packages\action-scheduler\classes\data-stores\ActionScheduler_HybridStore.php(242): ActionScheduler_DBStoreMigrator->save_action(Object(ActionScheduler_Action), NULL)
#1 C:\xampp\htdocs\art-clothes\wp-content\plugins\woocommerce\packages\action-scheduler\classes\ActionScheduler_ActionFactory.php(177): ActionScheduler_HybridStore->save_action(Object(ActionScheduler_Action))
#2 C:\xampp\htdocs\art-clothes\wp-content\plugins\woocommerce\packages\action-scheduler\classes\ActionScheduler_ActionFactory.php(84): ActionScheduler_ActionFactory->store(Object(ActionScheduler_Action))
#3 C:\xampp\htdocs\art-clothes\wp-content\plugins\woocommerce\packages\action-scheduler\functions.php(36): ActionScheduler_ActionFactory->s in C:\xampp\htdocs\art-clothes\wp-content\plugins\woocommerce\packages\action-scheduler\classes\migration\ActionScheduler_DBStoreMigrator.php on line 44

2020-06-10T23:27:24+00:00 CRITICAL Uncaught RuntimeException: Error saving action: Error saving action: Database error. in C:\xampp\htdocs\art-clothes\wp-content\plugins\woocommerce\packages\action-scheduler\classes\migration\ActionScheduler_DBStoreMigrator.php:44
Stack trace:
#0 C:\xampp\htdocs\art-clothes\wp-content\plugins\woocommerce\packages\action-scheduler\classes\data-stores\ActionScheduler_HybridStore.php(242): ActionScheduler_DBStoreMigrator->save_action(Object(ActionScheduler_Action), NULL)
#1 C:\xampp\htdocs\art-clothes\wp-content\plugins\woocommerce\packages\action-scheduler\classes\ActionScheduler_ActionFactory.php(177): ActionScheduler_HybridStore->save_action(Object(ActionScheduler_Action))
#2 C:\xampp\htdocs\art-clothes\wp-content\plugins\woocommerce\packages\action-scheduler\classes\ActionScheduler_ActionFactory.php(84): ActionScheduler_ActionFactory->store(Object(ActionScheduler_Action))
#3 C:\xampp\htdocs\art-clothes\wp-content\plugins\woocommerce\packages\action-scheduler\functions.php(36): ActionScheduler_ActionFactory->s in C:\xampp\htdocs\art-clothes\wp-content\plugins\woocommerce\packages\action-scheduler\classes\migration\ActionScheduler_DBStoreMigrator.php on line 44

2020-06-10T23:27:24+00:00 CRITICAL Uncaught RuntimeException: Error saving action: Error saving action: Database error. in C:\xampp\htdocs\art-clothes\wp-content\plugins\woocommerce\packages\action-scheduler\classes\migration\ActionScheduler_DBStoreMigrator.php:44
Stack trace:
#0 C:\xampp\htdocs\art-clothes\wp-content\plugins\woocommerce\packages\action-scheduler\classes\data-stores\ActionScheduler_HybridStore.php(242): ActionScheduler_DBStoreMigrator->save_action(Object(ActionScheduler_Action), NULL)
#1 C:\xampp\htdocs\art-clothes\wp-content\plugins\woocommerce\packages\action-scheduler\classes\ActionScheduler_ActionFactory.php(177): ActionScheduler_HybridStore->save_action(Object(ActionScheduler_Action))
#2 C:\xampp\htdocs\art-clothes\wp-content\plugins\woocommerce\packages\action-scheduler\classes\ActionScheduler_ActionFactory.php(84): ActionScheduler_ActionFactory->store(Object(ActionScheduler_Action))
#3 C:\xampp\htdocs\art-clothes\wp-content\plugins\woocommerce\packages\action-scheduler\functions.php(36): ActionScheduler_ActionFactory->s in C:\xampp\htdocs\art-clothes\wp-content\plugins\woocommerce\packages\action-scheduler\classes\migration\ActionScheduler_DBStoreMigrator.php on line 44

2020-06-10T23:29:00+00:00 CRITICAL Uncaught RuntimeException: Error saving action: Error saving action: Database error. in C:\xampp\htdocs\art-clothes\wp-content\plugins\woocommerce\packages\action-scheduler\classes\migration\ActionScheduler_DBStoreMigrator.php:44
Stack trace:
#0 C:\xampp\htdocs\art-clothes\wp-content\plugins\woocommerce\packages\action-scheduler\classes\data-stores\ActionScheduler_HybridStore.php(242): ActionScheduler_DBStoreMigrator->save_action(Object(ActionScheduler_Action), NULL)
#1 C:\xampp\htdocs\art-clothes\wp-content\plugins\woocommerce\packages\action-scheduler\classes\ActionScheduler_ActionFactory.php(177): ActionScheduler_HybridStore->save_action(Object(ActionScheduler_Action))
#2 C:\xampp\htdocs\art-clothes\wp-content\plugins\woocommerce\packages\action-scheduler\classes\ActionScheduler_ActionFactory.php(84): ActionScheduler_ActionFactory->store(Object(ActionScheduler_Action))
#3 C:\xampp\htdocs\art-clothes\wp-content\plugins\woocommerce\packages\action-scheduler\functions.php(36): ActionScheduler_ActionFactory->s in C:\xampp\htdocs\art-clothes\wp-content\plugins\woocommerce\packages\action-scheduler\classes\migration\ActionScheduler_DBStoreMigrator.php on line 44

2020-06-10T23:29:00+00:00 CRITICAL Uncaught RuntimeException: Error saving action: Error saving action: Database error. in C:\xampp\htdocs\art-clothes\wp-content\plugins\woocommerce\packages\action-scheduler\classes\migration\ActionScheduler_DBStoreMigrator.php:44
Stack trace:
#0 C:\xampp\htdocs\art-clothes\wp-content\plugins\woocommerce\packages\action-scheduler\classes\data-stores\ActionScheduler_HybridStore.php(242): ActionScheduler_DBStoreMigrator->save_action(Object(ActionScheduler_Action), NULL)
#1 C:\xampp\htdocs\art-clothes\wp-content\plugins\woocommerce\packages\action-scheduler\classes\ActionScheduler_ActionFactory.php(177): ActionScheduler_HybridStore->save_action(Object(ActionScheduler_Action))
#2 C:\xampp\htdocs\art-clothes\wp-content\plugins\woocommerce\packages\action-scheduler\classes\ActionScheduler_ActionFactory.php(84): ActionScheduler_ActionFactory->store(Object(ActionScheduler_Action))
#3 C:\xampp\htdocs\art-clothes\wp-content\plugins\woocommerce\packages\action-scheduler\functions.php(36): ActionScheduler_ActionFactory->s in C:\xampp\htdocs\art-clothes\wp-content\plugins\woocommerce\packages\action-scheduler\classes\migration\ActionScheduler_DBStoreMigrator.php on line 44

2020-06-10T23:29:00+00:00 CRITICAL Uncaught RuntimeException: Error saving action: Error saving action: Database error. in C:\xampp\htdocs\art-clothes\wp-content\plugins\woocommerce\packages\action-scheduler\classes\migration\ActionScheduler_DBStoreMigrator.php:44
Stack trace:
#0 C:\xampp\htdocs\art-clothes\wp-content\plugins\woocommerce\packages\action-scheduler\classes\data-stores\ActionScheduler_HybridStore.php(242): ActionScheduler_DBStoreMigrator->save_action(Object(ActionScheduler_Action), NULL)
#1 C:\xampp\htdocs\art-clothes\wp-content\plugins\woocommerce\packages\action-scheduler\classes\ActionScheduler_ActionFactory.php(177): ActionScheduler_HybridStore->save_action(Object(ActionScheduler_Action))
#2 C:\xampp\htdocs\art-clothes\wp-content\plugins\woocommerce\packages\action-scheduler\classes\ActionScheduler_ActionFactory.php(84): ActionScheduler_ActionFactory->store(Object(ActionScheduler_Action))
#3 C:\xampp\htdocs\art-clothes\wp-content\plugins\woocommerce\packages\action-scheduler\functions.php(36): ActionScheduler_ActionFactory->s in C:\xampp\htdocs\art-clothes\wp-content\plugins\woocommerce\packages\action-scheduler\classes\migration\ActionScheduler_DBStoreMigrator.php on line 44

2020-06-10T23:29:14+00:00 CRITICAL Uncaught RuntimeException: Error saving action: Error saving action: Database error. in C:\xampp\htdocs\art-clothes\wp-content\plugins\woocommerce\packages\action-scheduler\classes\migration\ActionScheduler_DBStoreMigrator.php:44
Stack trace:
#0 C:\xampp\htdocs\art-clothes\wp-content\plugins\woocommerce\packages\action-scheduler\classes\data-stores\ActionScheduler_HybridStore.php(242): ActionScheduler_DBStoreMigrator->save_action(Object(ActionScheduler_Action), NULL)
#1 C:\xampp\htdocs\art-clothes\wp-content\plugins\woocommerce\packages\action-scheduler\classes\ActionScheduler_ActionFactory.php(177): ActionScheduler_HybridStore->save_action(Object(ActionScheduler_Action))
#2 C:\xampp\htdocs\art-clothes\wp-content\plugins\woocommerce\packages\action-scheduler\classes\ActionScheduler_ActionFactory.php(84): ActionScheduler_ActionFactory->store(Object(ActionScheduler_Action))
#3 C:\xampp\htdocs\art-clothes\wp-content\plugins\woocommerce\packages\action-scheduler\functions.php(36): ActionScheduler_ActionFactory->s in C:\xampp\htdocs\art-clothes\wp-content\plugins\woocommerce\packages\action-scheduler\classes\migration\ActionScheduler_DBStoreMigrator.php on line 44

2020-06-10T23:29:23+00:00 CRITICAL Uncaught RuntimeException: Error saving action: Error saving action: Database error. in C:\xampp\htdocs\art-clothes\wp-content\plugins\woocommerce\packages\action-scheduler\classes\migration\ActionScheduler_DBStoreMigrator.php:44
Stack trace:
#0 C:\xampp\htdocs\art-clothes\wp-content\plugins\woocommerce\packages\action-scheduler\classes\data-stores\ActionScheduler_HybridStore.php(242): ActionScheduler_DBStoreMigrator->save_action(Object(ActionScheduler_Action), NULL)
#1 C:\xampp\htdocs\art-clothes\wp-content\plugins\woocommerce\packages\action-scheduler\classes\ActionScheduler_ActionFactory.php(177): ActionScheduler_HybridStore->save_action(Object(ActionScheduler_Action))
#2 C:\xampp\htdocs\art-clothes\wp-content\plugins\woocommerce\packages\action-scheduler\classes\ActionScheduler_ActionFactory.php(84): ActionScheduler_ActionFactory->store(Object(ActionScheduler_Action))
#3 C:\xampp\htdocs\art-clothes\wp-content\plugins\woocommerce\packages\action-scheduler\functions.php(36): ActionScheduler_ActionFactory->s in C:\xampp\htdocs\art-clothes\wp-content\plugins\woocommerce\packages\action-scheduler\classes\migration\ActionScheduler_DBStoreMigrator.php on line 44

2020-06-10T23:29:59+00:00 CRITICAL Uncaught RuntimeException: Error saving action: Error saving action: Database error. in C:\xampp\htdocs\art-clothes\wp-content\plugins\woocommerce\packages\action-scheduler\classes\migration\ActionScheduler_DBStoreMigrator.php:44
Stack trace:
#0 C:\xampp\htdocs\art-clothes\wp-content\plugins\woocommerce\packages\action-scheduler\classes\data-stores\ActionScheduler_HybridStore.php(242): ActionScheduler_DBStoreMigrator->save_action(Object(ActionScheduler_Action), NULL)
#1 C:\xampp\htdocs\art-clothes\wp-content\plugins\woocommerce\packages\action-scheduler\classes\ActionScheduler_ActionFactory.php(177): ActionScheduler_HybridStore->save_action(Object(ActionScheduler_Action))
#2 C:\xampp\htdocs\art-clothes\wp-content\plugins\woocommerce\packages\action-scheduler\classes\ActionScheduler_ActionFactory.php(84): ActionScheduler_ActionFactory->store(Object(ActionScheduler_Action))
#3 C:\xampp\htdocs\art-clothes\wp-content\plugins\woocommerce\packages\action-scheduler\functions.php(36): ActionScheduler_ActionFactory->s in C:\xampp\htdocs\art-clothes\wp-content\plugins\woocommerce\packages\action-scheduler\classes\migration\ActionScheduler_DBStoreMigrator.php on line 44

2020-06-10T23:30:01+00:00 CRITICAL Uncaught RuntimeException: Error saving action: Error saving action: Database error. in C:\xampp\htdocs\art-clothes\wp-content\plugins\woocommerce\packages\action-scheduler\classes\migration\ActionScheduler_DBStoreMigrator.php:44
Stack trace:
#0 C:\xampp\htdocs\art-clothes\wp-content\plugins\woocommerce\packages\action-scheduler\classes\data-stores\ActionScheduler_HybridStore.php(242): ActionScheduler_DBStoreMigrator->save_action(Object(ActionScheduler_Action), NULL)
#1 C:\xampp\htdocs\art-clothes\wp-content\plugins\woocommerce\packages\action-scheduler\classes\ActionScheduler_ActionFactory.php(177): ActionScheduler_HybridStore->save_action(Object(ActionScheduler_Action))
#2 C:\xampp\htdocs\art-clothes\wp-content\plugins\woocommerce\packages\action-scheduler\classes\ActionScheduler_ActionFactory.php(84): ActionScheduler_ActionFactory->store(Object(ActionScheduler_Action))
#3 C:\xampp\htdocs\art-clothes\wp-content\plugins\woocommerce\packages\action-scheduler\functions.php(36): ActionScheduler_ActionFactory->s in C:\xampp\htdocs\art-clothes\wp-content\plugins\woocommerce\packages\action-scheduler\classes\migration\ActionScheduler_DBStoreMigrator.php on line 44

2020-06-10T23:30:01+00:00 CRITICAL Uncaught RuntimeException: Error saving action: Error saving action: Database error. in C:\xampp\htdocs\art-clothes\wp-content\plugins\woocommerce\packages\action-scheduler\classes\migration\ActionScheduler_DBStoreMigrator.php:44
Stack trace:
#0 C:\xampp\htdocs\art-clothes\wp-content\plugins\woocommerce\packages\action-scheduler\classes\data-stores\ActionScheduler_HybridStore.php(242): ActionScheduler_DBStoreMigrator->save_action(Object(ActionScheduler_Action), NULL)
#1 C:\xampp\htdocs\art-clothes\wp-content\plugins\woocommerce\packages\action-scheduler\classes\ActionScheduler_ActionFactory.php(177): ActionScheduler_HybridStore->save_action(Object(ActionScheduler_Action))
#2 C:\xampp\htdocs\art-clothes\wp-content\plugins\woocommerce\packages\action-scheduler\classes\ActionScheduler_ActionFactory.php(84): ActionScheduler_ActionFactory->store(Object(ActionScheduler_Action))
#3 C:\xampp\htdocs\art-clothes\wp-content\plugins\woocommerce\packages\action-scheduler\functions.php(36): ActionScheduler_ActionFactory->s in C:\xampp\htdocs\art-clothes\wp-content\plugins\woocommerce\packages\action-scheduler\classes\migration\ActionScheduler_DBStoreMigrator.php on line 44

2020-06-10T23:30:01+00:00 CRITICAL Uncaught RuntimeException: Error saving action: Error saving action: Database error. in C:\xampp\htdocs\art-clothes\wp-content\plugins\woocommerce\packages\action-scheduler\classes\migration\ActionScheduler_DBStoreMigrator.php:44
Stack trace:
#0 C:\xampp\htdocs\art-clothes\wp-content\plugins\woocommerce\packages\action-scheduler\classes\data-stores\ActionScheduler_HybridStore.php(242): ActionScheduler_DBStoreMigrator->save_action(Object(ActionScheduler_Action), NULL)
#1 C:\xampp\htdocs\art-clothes\wp-content\plugins\woocommerce\packages\action-scheduler\classes\ActionScheduler_ActionFactory.php(177): ActionScheduler_HybridStore->save_action(Object(ActionScheduler_Action))
#2 C:\xampp\htdocs\art-clothes\wp-content\plugins\woocommerce\packages\action-scheduler\classes\ActionScheduler_ActionFactory.php(84): ActionScheduler_ActionFactory->store(Object(ActionScheduler_Action))
#3 C:\xampp\htdocs\art-clothes\wp-content\plugins\woocommerce\packages\action-scheduler\functions.php(36): ActionScheduler_ActionFactory->s in C:\xampp\htdocs\art-clothes\wp-content\plugins\woocommerce\packages\action-scheduler\classes\migration\ActionScheduler_DBStoreMigrator.php on line 44

2020-06-10T23:30:02+00:00 CRITICAL Uncaught RuntimeException: Error saving action: Error saving action: Database error. in C:\xampp\htdocs\art-clothes\wp-content\plugins\woocommerce\packages\action-scheduler\classes\migration\ActionScheduler_DBStoreMigrator.php:44
Stack trace:
#0 C:\xampp\htdocs\art-clothes\wp-content\plugins\woocommerce\packages\action-scheduler\classes\data-stores\ActionScheduler_HybridStore.php(242): ActionScheduler_DBStoreMigrator->save_action(Object(ActionScheduler_Action), NULL)
#1 C:\xampp\htdocs\art-clothes\wp-content\plugins\woocommerce\packages\action-scheduler\classes\ActionScheduler_ActionFactory.php(177): ActionScheduler_HybridStore->save_action(Object(ActionScheduler_Action))
#2 C:\xampp\htdocs\art-clothes\wp-content\plugins\woocommerce\packages\action-scheduler\classes\ActionScheduler_ActionFactory.php(84): ActionScheduler_ActionFactory->store(Object(ActionScheduler_Action))
#3 C:\xampp\htdocs\art-clothes\wp-content\plugins\woocommerce\packages\action-scheduler\functions.php(36): ActionScheduler_ActionFactory->s in C:\xampp\htdocs\art-clothes\wp-content\plugins\woocommerce\packages\action-scheduler\classes\migration\ActionScheduler_DBStoreMigrator.php on line 44

2020-06-10T23:30:06+00:00 CRITICAL Uncaught RuntimeException: Error saving action: Error saving action: Database error. in C:\xampp\htdocs\art-clothes\wp-content\plugins\woocommerce\packages\action-scheduler\classes\migration\ActionScheduler_DBStoreMigrator.php:44
Stack trace:
#0 C:\xampp\htdocs\art-clothes\wp-content\plugins\woocommerce\packages\action-scheduler\classes\data-stores\ActionScheduler_HybridStore.php(242): ActionScheduler_DBStoreMigrator->save_action(Object(ActionScheduler_Action), NULL)
#1 C:\xampp\htdocs\art-clothes\wp-content\plugins\woocommerce\packages\action-scheduler\classes\ActionScheduler_ActionFactory.php(177): ActionScheduler_HybridStore->save_action(Object(ActionScheduler_Action))
#2 C:\xampp\htdocs\art-clothes\wp-content\plugins\woocommerce\packages\action-scheduler\classes\ActionScheduler_ActionFactory.php(84): ActionScheduler_ActionFactory->store(Object(ActionScheduler_Action))
#3 C:\xampp\htdocs\art-clothes\wp-content\plugins\woocommerce\packages\action-scheduler\functions.php(36): ActionScheduler_ActionFactory->s in C:\xampp\htdocs\art-clothes\wp-content\plugins\woocommerce\packages\action-scheduler\classes\migration\ActionScheduler_DBStoreMigrator.php on line 44

2020-06-10T23:31:00+00:00 CRITICAL Uncaught RuntimeException: Error saving action: Error saving action: Database error. in C:\xampp\htdocs\art-clothes\wp-content\plugins\woocommerce\packages\action-scheduler\classes\migration\ActionScheduler_DBStoreMigrator.php:44
Stack trace:
#0 C:\xampp\htdocs\art-clothes\wp-content\plugins\woocommerce\packages\action-scheduler\classes\data-stores\ActionScheduler_HybridStore.php(242): ActionScheduler_DBStoreMigrator->save_action(Object(ActionScheduler_Action), NULL)
#1 C:\xampp\htdocs\art-clothes\wp-content\plugins\woocommerce\packages\action-scheduler\classes\ActionScheduler_ActionFactory.php(177): ActionScheduler_HybridStore->save_action(Object(ActionScheduler_Action))
#2 C:\xampp\htdocs\art-clothes\wp-content\plugins\woocommerce\packages\action-scheduler\classes\ActionScheduler_ActionFactory.php(84): ActionScheduler_ActionFactory->store(Object(ActionScheduler_Action))
#3 C:\xampp\htdocs\art-clothes\wp-content\plugins\woocommerce\packages\action-scheduler\functions.php(36): ActionScheduler_ActionFactory->s in C:\xampp\htdocs\art-clothes\wp-content\plugins\woocommerce\packages\action-scheduler\classes\migration\ActionScheduler_DBStoreMigrator.php on line 44

2020-06-10T23:31:02+00:00 CRITICAL Uncaught RuntimeException: Error saving action: Error saving action: Database error. in C:\xampp\htdocs\art-clothes\wp-content\plugins\woocommerce\packages\action-scheduler\classes\migration\ActionScheduler_DBStoreMigrator.php:44
Stack trace:
#0 C:\xampp\htdocs\art-clothes\wp-content\plugins\woocommerce\packages\action-scheduler\classes\data-stores\ActionScheduler_HybridStore.php(242): ActionScheduler_DBStoreMigrator->save_action(Object(ActionScheduler_Action), NULL)
#1 C:\xampp\htdocs\art-clothes\wp-content\plugins\woocommerce\packages\action-scheduler\classes\ActionScheduler_ActionFactory.php(177): ActionScheduler_HybridStore->save_action(Object(ActionScheduler_Action))
#2 C:\xampp\htdocs\art-clothes\wp-content\plugins\woocommerce\packages\action-scheduler\classes\ActionScheduler_ActionFactory.php(84): ActionScheduler_ActionFactory->store(Object(ActionScheduler_Action))
#3 C:\xampp\htdocs\art-clothes\wp-content\plugins\woocommerce\packages\action-scheduler\functions.php(36): ActionScheduler_ActionFactory->s in C:\xampp\htdocs\art-clothes\wp-content\plugins\woocommerce\packages\action-scheduler\classes\migration\ActionScheduler_DBStoreMigrator.php on line 44

2020-06-10T23:31:02+00:00 CRITICAL Uncaught RuntimeException: Error saving action: Error saving action: Database error. in C:\xampp\htdocs\art-clothes\wp-content\plugins\woocommerce\packages\action-scheduler\classes\migration\ActionScheduler_DBStoreMigrator.php:44
Stack trace:
#0 C:\xampp\htdocs\art-clothes\wp-content\plugins\woocommerce\packages\action-scheduler\classes\data-stores\ActionScheduler_HybridStore.php(242): ActionScheduler_DBStoreMigrator->save_action(Object(ActionScheduler_Action), NULL)
#1 C:\xampp\htdocs\art-clothes\wp-content\plugins\woocommerce\packages\action-scheduler\classes\ActionScheduler_ActionFactory.php(177): ActionScheduler_HybridStore->save_action(Object(ActionScheduler_Action))
#2 C:\xampp\htdocs\art-clothes\wp-content\plugins\woocommerce\packages\action-scheduler\classes\ActionScheduler_ActionFactory.php(84): ActionScheduler_ActionFactory->store(Object(ActionScheduler_Action))
#3 C:\xampp\htdocs\art-clothes\wp-content\plugins\woocommerce\packages\action-scheduler\functions.php(36): ActionScheduler_ActionFactory->s in C:\xampp\htdocs\art-clothes\wp-content\plugins\woocommerce\packages\action-scheduler\classes\migration\ActionScheduler_DBStoreMigrator.php on line 44

2020-06-10T23:33:01+00:00 CRITICAL Uncaught RuntimeException: Error saving action: Error saving action: Database error. in C:\xampp\htdocs\art-clothes\wp-content\plugins\woocommerce\packages\action-scheduler\classes\migration\ActionScheduler_DBStoreMigrator.php:44
Stack trace:
#0 C:\xampp\htdocs\art-clothes\wp-content\plugins\woocommerce\packages\action-scheduler\classes\data-stores\ActionScheduler_HybridStore.php(242): ActionScheduler_DBStoreMigrator->save_action(Object(ActionScheduler_Action), NULL)
#1 C:\xampp\htdocs\art-clothes\wp-content\plugins\woocommerce\packages\action-scheduler\classes\ActionScheduler_ActionFactory.php(177): ActionScheduler_HybridStore->save_action(Object(ActionScheduler_Action))
#2 C:\xampp\htdocs\art-clothes\wp-content\plugins\woocommerce\packages\action-scheduler\classes\ActionScheduler_ActionFactory.php(84): ActionScheduler_ActionFactory->store(Object(ActionScheduler_Action))
#3 C:\xampp\htdocs\art-clothes\wp-content\plugins\woocommerce\packages\action-scheduler\functions.php(36): ActionScheduler_ActionFactory->s in C:\xampp\htdocs\art-clothes\wp-content\plugins\woocommerce\packages\action-scheduler\classes\migration\ActionScheduler_DBStoreMigrator.php on line 44

2020-06-10T23:33:01+00:00 CRITICAL Uncaught RuntimeException: Error saving action: Error saving action: Database error. in C:\xampp\htdocs\art-clothes\wp-content\plugins\woocommerce\packages\action-scheduler\classes\migration\ActionScheduler_DBStoreMigrator.php:44
Stack trace:
#0 C:\xampp\htdocs\art-clothes\wp-content\plugins\woocommerce\packages\action-scheduler\classes\data-stores\ActionScheduler_HybridStore.php(242): ActionScheduler_DBStoreMigrator->save_action(Object(ActionScheduler_Action), NULL)
#1 C:\xampp\htdocs\art-clothes\wp-content\plugins\woocommerce\packages\action-scheduler\classes\ActionScheduler_ActionFactory.php(177): ActionScheduler_HybridStore->save_action(Object(ActionScheduler_Action))
#2 C:\xampp\htdocs\art-clothes\wp-content\plugins\woocommerce\packages\action-scheduler\classes\ActionScheduler_ActionFactory.php(84): ActionScheduler_ActionFactory->store(Object(ActionScheduler_Action))
#3 C:\xampp\htdocs\art-clothes\wp-content\plugins\woocommerce\packages\action-scheduler\functions.php(36): ActionScheduler_ActionFactory->s in C:\xampp\htdocs\art-clothes\wp-content\plugins\woocommerce\packages\action-scheduler\classes\migration\ActionScheduler_DBStoreMigrator.php on line 44

2020-06-10T23:33:01+00:00 CRITICAL Uncaught RuntimeException: Error saving action: Error saving action: Database error. in C:\xampp\htdocs\art-clothes\wp-content\plugins\woocommerce\packages\action-scheduler\classes\migration\ActionScheduler_DBStoreMigrator.php:44
Stack trace:
#0 C:\xampp\htdocs\art-clothes\wp-content\plugins\woocommerce\packages\action-scheduler\classes\data-stores\ActionScheduler_HybridStore.php(242): ActionScheduler_DBStoreMigrator->save_action(Object(ActionScheduler_Action), NULL)
#1 C:\xampp\htdocs\art-clothes\wp-content\plugins\woocommerce\packages\action-scheduler\classes\ActionScheduler_ActionFactory.php(177): ActionScheduler_HybridStore->save_action(Object(ActionScheduler_Action))
#2 C:\xampp\htdocs\art-clothes\wp-content\plugins\woocommerce\packages\action-scheduler\classes\ActionScheduler_ActionFactory.php(84): ActionScheduler_ActionFactory->store(Object(ActionScheduler_Action))
#3 C:\xampp\htdocs\art-clothes\wp-content\plugins\woocommerce\packages\action-scheduler\functions.php(36): ActionScheduler_ActionFactory->s in C:\xampp\htdocs\art-clothes\wp-content\plugins\woocommerce\packages\action-scheduler\classes\migration\ActionScheduler_DBStoreMigrator.php on line 44

2020-06-10T23:35:02+00:00 CRITICAL Uncaught RuntimeException: Error saving action: Error saving action: Database error. in C:\xampp\htdocs\art-clothes\wp-content\plugins\woocommerce\packages\action-scheduler\classes\migration\ActionScheduler_DBStoreMigrator.php:44
Stack trace:
#0 C:\xampp\htdocs\art-clothes\wp-content\plugins\woocommerce\packages\action-scheduler\classes\data-stores\ActionScheduler_HybridStore.php(242): ActionScheduler_DBStoreMigrator->save_action(Object(ActionScheduler_Action), NULL)
#1 C:\xampp\htdocs\art-clothes\wp-content\plugins\woocommerce\packages\action-scheduler\classes\ActionScheduler_ActionFactory.php(177): ActionScheduler_HybridStore->save_action(Object(ActionScheduler_Action))
#2 C:\xampp\htdocs\art-clothes\wp-content\plugins\woocommerce\packages\action-scheduler\classes\ActionScheduler_ActionFactory.php(84): ActionScheduler_ActionFactory->store(Object(ActionScheduler_Action))
#3 C:\xampp\htdocs\art-clothes\wp-content\plugins\woocommerce\packages\action-scheduler\functions.php(36): ActionScheduler_ActionFactory->s in C:\xampp\htdocs\art-clothes\wp-content\plugins\woocommerce\packages\action-scheduler\classes\migration\ActionScheduler_DBStoreMigrator.php on line 44

2020-06-10T23:35:03+00:00 CRITICAL Uncaught RuntimeException: Error saving action: Error saving action: Database error. in C:\xampp\htdocs\art-clothes\wp-content\plugins\woocommerce\packages\action-scheduler\classes\migration\ActionScheduler_DBStoreMigrator.php:44
Stack trace:
#0 C:\xampp\htdocs\art-clothes\wp-content\plugins\woocommerce\packages\action-scheduler\classes\data-stores\ActionScheduler_HybridStore.php(242): ActionScheduler_DBStoreMigrator->save_action(Object(ActionScheduler_Action), NULL)
#1 C:\xampp\htdocs\art-clothes\wp-content\plugins\woocommerce\packages\action-scheduler\classes\ActionScheduler_ActionFactory.php(177): ActionScheduler_HybridStore->save_action(Object(ActionScheduler_Action))
#2 C:\xampp\htdocs\art-clothes\wp-content\plugins\woocommerce\packages\action-scheduler\classes\ActionScheduler_ActionFactory.php(84): ActionScheduler_ActionFactory->store(Object(ActionScheduler_Action))
#3 C:\xampp\htdocs\art-clothes\wp-content\plugins\woocommerce\packages\action-scheduler\functions.php(36): ActionScheduler_ActionFactory->s in C:\xampp\htdocs\art-clothes\wp-content\plugins\woocommerce\packages\action-scheduler\classes\migration\ActionScheduler_DBStoreMigrator.php on line 44

2020-06-10T23:35:03+00:00 CRITICAL Uncaught RuntimeException: Error saving action: Error saving action: Database error. in C:\xampp\htdocs\art-clothes\wp-content\plugins\woocommerce\packages\action-scheduler\classes\migration\ActionScheduler_DBStoreMigrator.php:44
Stack trace:
#0 C:\xampp\htdocs\art-clothes\wp-content\plugins\woocommerce\packages\action-scheduler\classes\data-stores\ActionScheduler_HybridStore.php(242): ActionScheduler_DBStoreMigrator->save_action(Object(ActionScheduler_Action), NULL)
#1 C:\xampp\htdocs\art-clothes\wp-content\plugins\woocommerce\packages\action-scheduler\classes\ActionScheduler_ActionFactory.php(177): ActionScheduler_HybridStore->save_action(Object(ActionScheduler_Action))
#2 C:\xampp\htdocs\art-clothes\wp-content\plugins\woocommerce\packages\action-scheduler\classes\ActionScheduler_ActionFactory.php(84): ActionScheduler_ActionFactory->store(Object(ActionScheduler_Action))
#3 C:\xampp\htdocs\art-clothes\wp-content\plugins\woocommerce\packages\action-scheduler\functions.php(36): ActionScheduler_ActionFactory->s in C:\xampp\htdocs\art-clothes\wp-content\plugins\woocommerce\packages\action-scheduler\classes\migration\ActionScheduler_DBStoreMigrator.php on line 44

2020-06-10T23:41:33+00:00 CRITICAL Uncaught RuntimeException: Error saving action: Error saving action: Database error. in C:\xampp\htdocs\art-clothes\wp-content\plugins\woocommerce\packages\action-scheduler\classes\migration\ActionScheduler_DBStoreMigrator.php:44
Stack trace:
#0 C:\xampp\htdocs\art-clothes\wp-content\plugins\woocommerce\packages\action-scheduler\classes\data-stores\ActionScheduler_HybridStore.php(242): ActionScheduler_DBStoreMigrator->save_action(Object(ActionScheduler_Action), NULL)
#1 C:\xampp\htdocs\art-clothes\wp-content\plugins\woocommerce\packages\action-scheduler\classes\ActionScheduler_ActionFactory.php(177): ActionScheduler_HybridStore->save_action(Object(ActionScheduler_Action))
#2 C:\xampp\htdocs\art-clothes\wp-content\plugins\woocommerce\packages\action-scheduler\classes\ActionScheduler_ActionFactory.php(84): ActionScheduler_ActionFactory->store(Object(ActionScheduler_Action))
#3 C:\xampp\htdocs\art-clothes\wp-content\plugins\woocommerce\packages\action-scheduler\functions.php(36): ActionScheduler_ActionFactory->s in C:\xampp\htdocs\art-clothes\wp-content\plugins\woocommerce\packages\action-scheduler\classes\migration\ActionScheduler_DBStoreMigrator.php on line 44

