2020-06-11T10:19:14+00:00 CRITICAL Uncaught RuntimeException: Error saving action: Error saving action: Database error. in C:\xampp\htdocs\art-clothes\wp-content\plugins\woocommerce\packages\action-scheduler\classes\migration\ActionScheduler_DBStoreMigrator.php:44
Stack trace:
#0 C:\xampp\htdocs\art-clothes\wp-content\plugins\woocommerce\packages\action-scheduler\classes\data-stores\ActionScheduler_HybridStore.php(242): ActionScheduler_DBStoreMigrator->save_action(Object(ActionScheduler_Action), NULL)
#1 C:\xampp\htdocs\art-clothes\wp-content\plugins\woocommerce\packages\action-scheduler\classes\ActionScheduler_ActionFactory.php(177): ActionScheduler_HybridStore->save_action(Object(ActionScheduler_Action))
#2 C:\xampp\htdocs\art-clothes\wp-content\plugins\woocommerce\packages\action-scheduler\classes\ActionScheduler_ActionFactory.php(84): ActionScheduler_ActionFactory->store(Object(ActionScheduler_Action))
#3 C:\xampp\htdocs\art-clothes\wp-content\plugins\woocommerce\packages\action-scheduler\functions.php(36): ActionScheduler_ActionFactory->s in C:\xampp\htdocs\art-clothes\wp-content\plugins\woocommerce\packages\action-scheduler\classes\migration\ActionScheduler_DBStoreMigrator.php on line 44

2020-06-11T10:19:18+00:00 CRITICAL Uncaught RuntimeException: Error saving action: Error saving action: Database error. in C:\xampp\htdocs\art-clothes\wp-content\plugins\woocommerce\packages\action-scheduler\classes\migration\ActionScheduler_DBStoreMigrator.php:44
Stack trace:
#0 C:\xampp\htdocs\art-clothes\wp-content\plugins\woocommerce\packages\action-scheduler\classes\data-stores\ActionScheduler_HybridStore.php(242): ActionScheduler_DBStoreMigrator->save_action(Object(ActionScheduler_Action), NULL)
#1 C:\xampp\htdocs\art-clothes\wp-content\plugins\woocommerce\packages\action-scheduler\classes\ActionScheduler_ActionFactory.php(177): ActionScheduler_HybridStore->save_action(Object(ActionScheduler_Action))
#2 C:\xampp\htdocs\art-clothes\wp-content\plugins\woocommerce\packages\action-scheduler\classes\ActionScheduler_ActionFactory.php(84): ActionScheduler_ActionFactory->store(Object(ActionScheduler_Action))
#3 C:\xampp\htdocs\art-clothes\wp-content\plugins\woocommerce\packages\action-scheduler\functions.php(36): ActionScheduler_ActionFactory->s in C:\xampp\htdocs\art-clothes\wp-content\plugins\woocommerce\packages\action-scheduler\classes\migration\ActionScheduler_DBStoreMigrator.php on line 44

2020-06-11T10:20:30+00:00 CRITICAL Uncaught RuntimeException: Error saving action: Error saving action: Database error. in C:\xampp\htdocs\art-clothes\wp-content\plugins\woocommerce\packages\action-scheduler\classes\migration\ActionScheduler_DBStoreMigrator.php:44
Stack trace:
#0 C:\xampp\htdocs\art-clothes\wp-content\plugins\woocommerce\packages\action-scheduler\classes\data-stores\ActionScheduler_HybridStore.php(242): ActionScheduler_DBStoreMigrator->save_action(Object(ActionScheduler_Action), NULL)
#1 C:\xampp\htdocs\art-clothes\wp-content\plugins\woocommerce\packages\action-scheduler\classes\ActionScheduler_ActionFactory.php(177): ActionScheduler_HybridStore->save_action(Object(ActionScheduler_Action))
#2 C:\xampp\htdocs\art-clothes\wp-content\plugins\woocommerce\packages\action-scheduler\classes\ActionScheduler_ActionFactory.php(84): ActionScheduler_ActionFactory->store(Object(ActionScheduler_Action))
#3 C:\xampp\htdocs\art-clothes\wp-content\plugins\woocommerce\packages\action-scheduler\functions.php(36): ActionScheduler_ActionFactory->s in C:\xampp\htdocs\art-clothes\wp-content\plugins\woocommerce\packages\action-scheduler\classes\migration\ActionScheduler_DBStoreMigrator.php on line 44

2020-06-11T10:20:30+00:00 CRITICAL Uncaught RuntimeException: Error saving action: Error saving action: Database error. in C:\xampp\htdocs\art-clothes\wp-content\plugins\woocommerce\packages\action-scheduler\classes\migration\ActionScheduler_DBStoreMigrator.php:44
Stack trace:
#0 C:\xampp\htdocs\art-clothes\wp-content\plugins\woocommerce\packages\action-scheduler\classes\data-stores\ActionScheduler_HybridStore.php(242): ActionScheduler_DBStoreMigrator->save_action(Object(ActionScheduler_Action), NULL)
#1 C:\xampp\htdocs\art-clothes\wp-content\plugins\woocommerce\packages\action-scheduler\classes\ActionScheduler_ActionFactory.php(177): ActionScheduler_HybridStore->save_action(Object(ActionScheduler_Action))
#2 C:\xampp\htdocs\art-clothes\wp-content\plugins\woocommerce\packages\action-scheduler\classes\ActionScheduler_ActionFactory.php(84): ActionScheduler_ActionFactory->store(Object(ActionScheduler_Action))
#3 C:\xampp\htdocs\art-clothes\wp-content\plugins\woocommerce\packages\action-scheduler\functions.php(36): ActionScheduler_ActionFactory->s in C:\xampp\htdocs\art-clothes\wp-content\plugins\woocommerce\packages\action-scheduler\classes\migration\ActionScheduler_DBStoreMigrator.php on line 44

2020-06-11T10:20:30+00:00 CRITICAL Uncaught RuntimeException: Error saving action: Error saving action: Database error. in C:\xampp\htdocs\art-clothes\wp-content\plugins\woocommerce\packages\action-scheduler\classes\migration\ActionScheduler_DBStoreMigrator.php:44
Stack trace:
#0 C:\xampp\htdocs\art-clothes\wp-content\plugins\woocommerce\packages\action-scheduler\classes\data-stores\ActionScheduler_HybridStore.php(242): ActionScheduler_DBStoreMigrator->save_action(Object(ActionScheduler_Action), NULL)
#1 C:\xampp\htdocs\art-clothes\wp-content\plugins\woocommerce\packages\action-scheduler\classes\ActionScheduler_ActionFactory.php(177): ActionScheduler_HybridStore->save_action(Object(ActionScheduler_Action))
#2 C:\xampp\htdocs\art-clothes\wp-content\plugins\woocommerce\packages\action-scheduler\classes\ActionScheduler_ActionFactory.php(84): ActionScheduler_ActionFactory->store(Object(ActionScheduler_Action))
#3 C:\xampp\htdocs\art-clothes\wp-content\plugins\woocommerce\packages\action-scheduler\functions.php(36): ActionScheduler_ActionFactory->s in C:\xampp\htdocs\art-clothes\wp-content\plugins\woocommerce\packages\action-scheduler\classes\migration\ActionScheduler_DBStoreMigrator.php on line 44

2020-06-11T10:20:57+00:00 CRITICAL Uncaught RuntimeException: Error saving action: Error saving action: Database error. in C:\xampp\htdocs\art-clothes\wp-content\plugins\woocommerce\packages\action-scheduler\classes\migration\ActionScheduler_DBStoreMigrator.php:44
Stack trace:
#0 C:\xampp\htdocs\art-clothes\wp-content\plugins\woocommerce\packages\action-scheduler\classes\data-stores\ActionScheduler_HybridStore.php(242): ActionScheduler_DBStoreMigrator->save_action(Object(ActionScheduler_Action), NULL)
#1 C:\xampp\htdocs\art-clothes\wp-content\plugins\woocommerce\packages\action-scheduler\classes\ActionScheduler_ActionFactory.php(177): ActionScheduler_HybridStore->save_action(Object(ActionScheduler_Action))
#2 C:\xampp\htdocs\art-clothes\wp-content\plugins\woocommerce\packages\action-scheduler\classes\ActionScheduler_ActionFactory.php(84): ActionScheduler_ActionFactory->store(Object(ActionScheduler_Action))
#3 C:\xampp\htdocs\art-clothes\wp-content\plugins\woocommerce\packages\action-scheduler\functions.php(36): ActionScheduler_ActionFactory->s in C:\xampp\htdocs\art-clothes\wp-content\plugins\woocommerce\packages\action-scheduler\classes\migration\ActionScheduler_DBStoreMigrator.php on line 44

2020-06-11T10:21:15+00:00 CRITICAL Uncaught RuntimeException: Error saving action: Error saving action: Database error. in C:\xampp\htdocs\art-clothes\wp-content\plugins\woocommerce\packages\action-scheduler\classes\migration\ActionScheduler_DBStoreMigrator.php:44
Stack trace:
#0 C:\xampp\htdocs\art-clothes\wp-content\plugins\woocommerce\packages\action-scheduler\classes\data-stores\ActionScheduler_HybridStore.php(242): ActionScheduler_DBStoreMigrator->save_action(Object(ActionScheduler_Action), NULL)
#1 C:\xampp\htdocs\art-clothes\wp-content\plugins\woocommerce\packages\action-scheduler\classes\ActionScheduler_ActionFactory.php(177): ActionScheduler_HybridStore->save_action(Object(ActionScheduler_Action))
#2 C:\xampp\htdocs\art-clothes\wp-content\plugins\woocommerce\packages\action-scheduler\classes\ActionScheduler_ActionFactory.php(84): ActionScheduler_ActionFactory->store(Object(ActionScheduler_Action))
#3 C:\xampp\htdocs\art-clothes\wp-content\plugins\woocommerce\packages\action-scheduler\functions.php(36): ActionScheduler_ActionFactory->s in C:\xampp\htdocs\art-clothes\wp-content\plugins\woocommerce\packages\action-scheduler\classes\migration\ActionScheduler_DBStoreMigrator.php on line 44

2020-06-11T10:22:09+00:00 CRITICAL Uncaught RuntimeException: Error saving action: Error saving action: Database error. in C:\xampp\htdocs\art-clothes\wp-content\plugins\woocommerce\packages\action-scheduler\classes\migration\ActionScheduler_DBStoreMigrator.php:44
Stack trace:
#0 C:\xampp\htdocs\art-clothes\wp-content\plugins\woocommerce\packages\action-scheduler\classes\data-stores\ActionScheduler_HybridStore.php(242): ActionScheduler_DBStoreMigrator->save_action(Object(ActionScheduler_Action), NULL)
#1 C:\xampp\htdocs\art-clothes\wp-content\plugins\woocommerce\packages\action-scheduler\classes\ActionScheduler_ActionFactory.php(177): ActionScheduler_HybridStore->save_action(Object(ActionScheduler_Action))
#2 C:\xampp\htdocs\art-clothes\wp-content\plugins\woocommerce\packages\action-scheduler\classes\ActionScheduler_ActionFactory.php(84): ActionScheduler_ActionFactory->store(Object(ActionScheduler_Action))
#3 C:\xampp\htdocs\art-clothes\wp-content\plugins\woocommerce\packages\action-scheduler\functions.php(36): ActionScheduler_ActionFactory->s in C:\xampp\htdocs\art-clothes\wp-content\plugins\woocommerce\packages\action-scheduler\classes\migration\ActionScheduler_DBStoreMigrator.php on line 44

2020-06-11T10:22:09+00:00 CRITICAL Uncaught RuntimeException: Error saving action: Error saving action: Database error. in C:\xampp\htdocs\art-clothes\wp-content\plugins\woocommerce\packages\action-scheduler\classes\migration\ActionScheduler_DBStoreMigrator.php:44
Stack trace:
#0 C:\xampp\htdocs\art-clothes\wp-content\plugins\woocommerce\packages\action-scheduler\classes\data-stores\ActionScheduler_HybridStore.php(242): ActionScheduler_DBStoreMigrator->save_action(Object(ActionScheduler_Action), NULL)
#1 C:\xampp\htdocs\art-clothes\wp-content\plugins\woocommerce\packages\action-scheduler\classes\ActionScheduler_ActionFactory.php(177): ActionScheduler_HybridStore->save_action(Object(ActionScheduler_Action))
#2 C:\xampp\htdocs\art-clothes\wp-content\plugins\woocommerce\packages\action-scheduler\classes\ActionScheduler_ActionFactory.php(84): ActionScheduler_ActionFactory->store(Object(ActionScheduler_Action))
#3 C:\xampp\htdocs\art-clothes\wp-content\plugins\woocommerce\packages\action-scheduler\functions.php(36): ActionScheduler_ActionFactory->s in C:\xampp\htdocs\art-clothes\wp-content\plugins\woocommerce\packages\action-scheduler\classes\migration\ActionScheduler_DBStoreMigrator.php on line 44

2020-06-11T10:22:10+00:00 CRITICAL Uncaught RuntimeException: Error saving action: Error saving action: Database error. in C:\xampp\htdocs\art-clothes\wp-content\plugins\woocommerce\packages\action-scheduler\classes\migration\ActionScheduler_DBStoreMigrator.php:44
Stack trace:
#0 C:\xampp\htdocs\art-clothes\wp-content\plugins\woocommerce\packages\action-scheduler\classes\data-stores\ActionScheduler_HybridStore.php(242): ActionScheduler_DBStoreMigrator->save_action(Object(ActionScheduler_Action), NULL)
#1 C:\xampp\htdocs\art-clothes\wp-content\plugins\woocommerce\packages\action-scheduler\classes\ActionScheduler_ActionFactory.php(177): ActionScheduler_HybridStore->save_action(Object(ActionScheduler_Action))
#2 C:\xampp\htdocs\art-clothes\wp-content\plugins\woocommerce\packages\action-scheduler\classes\ActionScheduler_ActionFactory.php(84): ActionScheduler_ActionFactory->store(Object(ActionScheduler_Action))
#3 C:\xampp\htdocs\art-clothes\wp-content\plugins\woocommerce\packages\action-scheduler\functions.php(36): ActionScheduler_ActionFactory->s in C:\xampp\htdocs\art-clothes\wp-content\plugins\woocommerce\packages\action-scheduler\classes\migration\ActionScheduler_DBStoreMigrator.php on line 44

2020-06-11T10:22:11+00:00 CRITICAL Uncaught RuntimeException: Error saving action: Error saving action: Database error. in C:\xampp\htdocs\art-clothes\wp-content\plugins\woocommerce\packages\action-scheduler\classes\migration\ActionScheduler_DBStoreMigrator.php:44
Stack trace:
#0 C:\xampp\htdocs\art-clothes\wp-content\plugins\woocommerce\packages\action-scheduler\classes\data-stores\ActionScheduler_HybridStore.php(242): ActionScheduler_DBStoreMigrator->save_action(Object(ActionScheduler_Action), NULL)
#1 C:\xampp\htdocs\art-clothes\wp-content\plugins\woocommerce\packages\action-scheduler\classes\ActionScheduler_ActionFactory.php(177): ActionScheduler_HybridStore->save_action(Object(ActionScheduler_Action))
#2 C:\xampp\htdocs\art-clothes\wp-content\plugins\woocommerce\packages\action-scheduler\classes\ActionScheduler_ActionFactory.php(84): ActionScheduler_ActionFactory->store(Object(ActionScheduler_Action))
#3 C:\xampp\htdocs\art-clothes\wp-content\plugins\woocommerce\packages\action-scheduler\functions.php(36): ActionScheduler_ActionFactory->s in C:\xampp\htdocs\art-clothes\wp-content\plugins\woocommerce\packages\action-scheduler\classes\migration\ActionScheduler_DBStoreMigrator.php on line 44

2020-06-11T10:22:24+00:00 CRITICAL Uncaught RuntimeException: Error saving action: Error saving action: Database error. in C:\xampp\htdocs\art-clothes\wp-content\plugins\woocommerce\packages\action-scheduler\classes\migration\ActionScheduler_DBStoreMigrator.php:44
Stack trace:
#0 C:\xampp\htdocs\art-clothes\wp-content\plugins\woocommerce\packages\action-scheduler\classes\data-stores\ActionScheduler_HybridStore.php(242): ActionScheduler_DBStoreMigrator->save_action(Object(ActionScheduler_Action), NULL)
#1 C:\xampp\htdocs\art-clothes\wp-content\plugins\woocommerce\packages\action-scheduler\classes\ActionScheduler_ActionFactory.php(177): ActionScheduler_HybridStore->save_action(Object(ActionScheduler_Action))
#2 C:\xampp\htdocs\art-clothes\wp-content\plugins\woocommerce\packages\action-scheduler\classes\ActionScheduler_ActionFactory.php(84): ActionScheduler_ActionFactory->store(Object(ActionScheduler_Action))
#3 C:\xampp\htdocs\art-clothes\wp-content\plugins\woocommerce\packages\action-scheduler\functions.php(36): ActionScheduler_ActionFactory->s in C:\xampp\htdocs\art-clothes\wp-content\plugins\woocommerce\packages\action-scheduler\classes\migration\ActionScheduler_DBStoreMigrator.php on line 44

2020-06-11T10:22:31+00:00 CRITICAL Uncaught RuntimeException: Error saving action: Error saving action: Database error. in C:\xampp\htdocs\art-clothes\wp-content\plugins\woocommerce\packages\action-scheduler\classes\migration\ActionScheduler_DBStoreMigrator.php:44
Stack trace:
#0 C:\xampp\htdocs\art-clothes\wp-content\plugins\woocommerce\packages\action-scheduler\classes\data-stores\ActionScheduler_HybridStore.php(242): ActionScheduler_DBStoreMigrator->save_action(Object(ActionScheduler_Action), NULL)
#1 C:\xampp\htdocs\art-clothes\wp-content\plugins\woocommerce\packages\action-scheduler\classes\ActionScheduler_ActionFactory.php(177): ActionScheduler_HybridStore->save_action(Object(ActionScheduler_Action))
#2 C:\xampp\htdocs\art-clothes\wp-content\plugins\woocommerce\packages\action-scheduler\classes\ActionScheduler_ActionFactory.php(84): ActionScheduler_ActionFactory->store(Object(ActionScheduler_Action))
#3 C:\xampp\htdocs\art-clothes\wp-content\plugins\woocommerce\packages\action-scheduler\functions.php(36): ActionScheduler_ActionFactory->s in C:\xampp\htdocs\art-clothes\wp-content\plugins\woocommerce\packages\action-scheduler\classes\migration\ActionScheduler_DBStoreMigrator.php on line 44

2020-06-11T10:22:58+00:00 CRITICAL Uncaught RuntimeException: Error saving action: Error saving action: Database error. in C:\xampp\htdocs\art-clothes\wp-content\plugins\woocommerce\packages\action-scheduler\classes\migration\ActionScheduler_DBStoreMigrator.php:44
Stack trace:
#0 C:\xampp\htdocs\art-clothes\wp-content\plugins\woocommerce\packages\action-scheduler\classes\data-stores\ActionScheduler_HybridStore.php(242): ActionScheduler_DBStoreMigrator->save_action(Object(ActionScheduler_Action), NULL)
#1 C:\xampp\htdocs\art-clothes\wp-content\plugins\woocommerce\packages\action-scheduler\classes\ActionScheduler_ActionFactory.php(177): ActionScheduler_HybridStore->save_action(Object(ActionScheduler_Action))
#2 C:\xampp\htdocs\art-clothes\wp-content\plugins\woocommerce\packages\action-scheduler\classes\ActionScheduler_ActionFactory.php(84): ActionScheduler_ActionFactory->store(Object(ActionScheduler_Action))
#3 C:\xampp\htdocs\art-clothes\wp-content\plugins\woocommerce\packages\action-scheduler\functions.php(36): ActionScheduler_ActionFactory->s in C:\xampp\htdocs\art-clothes\wp-content\plugins\woocommerce\packages\action-scheduler\classes\migration\ActionScheduler_DBStoreMigrator.php on line 44

2020-06-11T10:24:34+00:00 CRITICAL Uncaught RuntimeException: Error saving action: Error saving action: Database error. in C:\xampp\htdocs\art-clothes\wp-content\plugins\woocommerce\packages\action-scheduler\classes\migration\ActionScheduler_DBStoreMigrator.php:44
Stack trace:
#0 C:\xampp\htdocs\art-clothes\wp-content\plugins\woocommerce\packages\action-scheduler\classes\data-stores\ActionScheduler_HybridStore.php(242): ActionScheduler_DBStoreMigrator->save_action(Object(ActionScheduler_Action), NULL)
#1 C:\xampp\htdocs\art-clothes\wp-content\plugins\woocommerce\packages\action-scheduler\classes\ActionScheduler_ActionFactory.php(177): ActionScheduler_HybridStore->save_action(Object(ActionScheduler_Action))
#2 C:\xampp\htdocs\art-clothes\wp-content\plugins\woocommerce\packages\action-scheduler\classes\ActionScheduler_ActionFactory.php(84): ActionScheduler_ActionFactory->store(Object(ActionScheduler_Action))
#3 C:\xampp\htdocs\art-clothes\wp-content\plugins\woocommerce\packages\action-scheduler\functions.php(36): ActionScheduler_ActionFactory->s in C:\xampp\htdocs\art-clothes\wp-content\plugins\woocommerce\packages\action-scheduler\classes\migration\ActionScheduler_DBStoreMigrator.php on line 44

2020-06-11T10:24:34+00:00 CRITICAL Uncaught RuntimeException: Error saving action: Error saving action: Database error. in C:\xampp\htdocs\art-clothes\wp-content\plugins\woocommerce\packages\action-scheduler\classes\migration\ActionScheduler_DBStoreMigrator.php:44
Stack trace:
#0 C:\xampp\htdocs\art-clothes\wp-content\plugins\woocommerce\packages\action-scheduler\classes\data-stores\ActionScheduler_HybridStore.php(242): ActionScheduler_DBStoreMigrator->save_action(Object(ActionScheduler_Action), NULL)
#1 C:\xampp\htdocs\art-clothes\wp-content\plugins\woocommerce\packages\action-scheduler\classes\ActionScheduler_ActionFactory.php(177): ActionScheduler_HybridStore->save_action(Object(ActionScheduler_Action))
#2 C:\xampp\htdocs\art-clothes\wp-content\plugins\woocommerce\packages\action-scheduler\classes\ActionScheduler_ActionFactory.php(84): ActionScheduler_ActionFactory->store(Object(ActionScheduler_Action))
#3 C:\xampp\htdocs\art-clothes\wp-content\plugins\woocommerce\packages\action-scheduler\functions.php(36): ActionScheduler_ActionFactory->s in C:\xampp\htdocs\art-clothes\wp-content\plugins\woocommerce\packages\action-scheduler\classes\migration\ActionScheduler_DBStoreMigrator.php on line 44

2020-06-11T10:24:59+00:00 CRITICAL Uncaught RuntimeException: Error saving action: Error saving action: Database error. in C:\xampp\htdocs\art-clothes\wp-content\plugins\woocommerce\packages\action-scheduler\classes\migration\ActionScheduler_DBStoreMigrator.php:44
Stack trace:
#0 C:\xampp\htdocs\art-clothes\wp-content\plugins\woocommerce\packages\action-scheduler\classes\data-stores\ActionScheduler_HybridStore.php(242): ActionScheduler_DBStoreMigrator->save_action(Object(ActionScheduler_Action), NULL)
#1 C:\xampp\htdocs\art-clothes\wp-content\plugins\woocommerce\packages\action-scheduler\classes\ActionScheduler_ActionFactory.php(177): ActionScheduler_HybridStore->save_action(Object(ActionScheduler_Action))
#2 C:\xampp\htdocs\art-clothes\wp-content\plugins\woocommerce\packages\action-scheduler\classes\ActionScheduler_ActionFactory.php(84): ActionScheduler_ActionFactory->store(Object(ActionScheduler_Action))
#3 C:\xampp\htdocs\art-clothes\wp-content\plugins\woocommerce\packages\action-scheduler\functions.php(36): ActionScheduler_ActionFactory->s in C:\xampp\htdocs\art-clothes\wp-content\plugins\woocommerce\packages\action-scheduler\classes\migration\ActionScheduler_DBStoreMigrator.php on line 44

2020-06-11T10:24:59+00:00 CRITICAL Uncaught RuntimeException: Error saving action: Error saving action: Database error. in C:\xampp\htdocs\art-clothes\wp-content\plugins\woocommerce\packages\action-scheduler\classes\migration\ActionScheduler_DBStoreMigrator.php:44
Stack trace:
#0 C:\xampp\htdocs\art-clothes\wp-content\plugins\woocommerce\packages\action-scheduler\classes\data-stores\ActionScheduler_HybridStore.php(242): ActionScheduler_DBStoreMigrator->save_action(Object(ActionScheduler_Action), NULL)
#1 C:\xampp\htdocs\art-clothes\wp-content\plugins\woocommerce\packages\action-scheduler\classes\ActionScheduler_ActionFactory.php(177): ActionScheduler_HybridStore->save_action(Object(ActionScheduler_Action))
#2 C:\xampp\htdocs\art-clothes\wp-content\plugins\woocommerce\packages\action-scheduler\classes\ActionScheduler_ActionFactory.php(84): ActionScheduler_ActionFactory->store(Object(ActionScheduler_Action))
#3 C:\xampp\htdocs\art-clothes\wp-content\plugins\woocommerce\packages\action-scheduler\functions.php(36): ActionScheduler_ActionFactory->s in C:\xampp\htdocs\art-clothes\wp-content\plugins\woocommerce\packages\action-scheduler\classes\migration\ActionScheduler_DBStoreMigrator.php on line 44

2020-06-11T10:25:33+00:00 CRITICAL Uncaught RuntimeException: Error saving action: Error saving action: Database error. in C:\xampp\htdocs\art-clothes\wp-content\plugins\woocommerce\packages\action-scheduler\classes\migration\ActionScheduler_DBStoreMigrator.php:44
Stack trace:
#0 C:\xampp\htdocs\art-clothes\wp-content\plugins\woocommerce\packages\action-scheduler\classes\data-stores\ActionScheduler_HybridStore.php(242): ActionScheduler_DBStoreMigrator->save_action(Object(ActionScheduler_Action), NULL)
#1 C:\xampp\htdocs\art-clothes\wp-content\plugins\woocommerce\packages\action-scheduler\classes\ActionScheduler_ActionFactory.php(177): ActionScheduler_HybridStore->save_action(Object(ActionScheduler_Action))
#2 C:\xampp\htdocs\art-clothes\wp-content\plugins\woocommerce\packages\action-scheduler\classes\ActionScheduler_ActionFactory.php(84): ActionScheduler_ActionFactory->store(Object(ActionScheduler_Action))
#3 C:\xampp\htdocs\art-clothes\wp-content\plugins\woocommerce\packages\action-scheduler\functions.php(36): ActionScheduler_ActionFactory->s in C:\xampp\htdocs\art-clothes\wp-content\plugins\woocommerce\packages\action-scheduler\classes\migration\ActionScheduler_DBStoreMigrator.php on line 44

2020-06-11T10:26:43+00:00 CRITICAL Uncaught RuntimeException: Error saving action: Error saving action: Database error. in C:\xampp\htdocs\art-clothes\wp-content\plugins\woocommerce\packages\action-scheduler\classes\migration\ActionScheduler_DBStoreMigrator.php:44
Stack trace:
#0 C:\xampp\htdocs\art-clothes\wp-content\plugins\woocommerce\packages\action-scheduler\classes\data-stores\ActionScheduler_HybridStore.php(242): ActionScheduler_DBStoreMigrator->save_action(Object(ActionScheduler_Action), NULL)
#1 C:\xampp\htdocs\art-clothes\wp-content\plugins\woocommerce\packages\action-scheduler\classes\ActionScheduler_ActionFactory.php(177): ActionScheduler_HybridStore->save_action(Object(ActionScheduler_Action))
#2 C:\xampp\htdocs\art-clothes\wp-content\plugins\woocommerce\packages\action-scheduler\classes\ActionScheduler_ActionFactory.php(84): ActionScheduler_ActionFactory->store(Object(ActionScheduler_Action))
#3 C:\xampp\htdocs\art-clothes\wp-content\plugins\woocommerce\packages\action-scheduler\functions.php(36): ActionScheduler_ActionFactory->s in C:\xampp\htdocs\art-clothes\wp-content\plugins\woocommerce\packages\action-scheduler\classes\migration\ActionScheduler_DBStoreMigrator.php on line 44

2020-06-11T10:26:43+00:00 CRITICAL Uncaught RuntimeException: Error saving action: Error saving action: Database error. in C:\xampp\htdocs\art-clothes\wp-content\plugins\woocommerce\packages\action-scheduler\classes\migration\ActionScheduler_DBStoreMigrator.php:44
Stack trace:
#0 C:\xampp\htdocs\art-clothes\wp-content\plugins\woocommerce\packages\action-scheduler\classes\data-stores\ActionScheduler_HybridStore.php(242): ActionScheduler_DBStoreMigrator->save_action(Object(ActionScheduler_Action), NULL)
#1 C:\xampp\htdocs\art-clothes\wp-content\plugins\woocommerce\packages\action-scheduler\classes\ActionScheduler_ActionFactory.php(177): ActionScheduler_HybridStore->save_action(Object(ActionScheduler_Action))
#2 C:\xampp\htdocs\art-clothes\wp-content\plugins\woocommerce\packages\action-scheduler\classes\ActionScheduler_ActionFactory.php(84): ActionScheduler_ActionFactory->store(Object(ActionScheduler_Action))
#3 C:\xampp\htdocs\art-clothes\wp-content\plugins\woocommerce\packages\action-scheduler\functions.php(36): ActionScheduler_ActionFactory->s in C:\xampp\htdocs\art-clothes\wp-content\plugins\woocommerce\packages\action-scheduler\classes\migration\ActionScheduler_DBStoreMigrator.php on line 44

2020-06-11T10:27:03+00:00 CRITICAL Uncaught RuntimeException: Error saving action: Error saving action: Database error. in C:\xampp\htdocs\art-clothes\wp-content\plugins\woocommerce\packages\action-scheduler\classes\migration\ActionScheduler_DBStoreMigrator.php:44
Stack trace:
#0 C:\xampp\htdocs\art-clothes\wp-content\plugins\woocommerce\packages\action-scheduler\classes\data-stores\ActionScheduler_HybridStore.php(242): ActionScheduler_DBStoreMigrator->save_action(Object(ActionScheduler_Action), NULL)
#1 C:\xampp\htdocs\art-clothes\wp-content\plugins\woocommerce\packages\action-scheduler\classes\ActionScheduler_ActionFactory.php(177): ActionScheduler_HybridStore->save_action(Object(ActionScheduler_Action))
#2 C:\xampp\htdocs\art-clothes\wp-content\plugins\woocommerce\packages\action-scheduler\classes\ActionScheduler_ActionFactory.php(84): ActionScheduler_ActionFactory->store(Object(ActionScheduler_Action))
#3 C:\xampp\htdocs\art-clothes\wp-content\plugins\woocommerce\packages\action-scheduler\functions.php(36): ActionScheduler_ActionFactory->s in C:\xampp\htdocs\art-clothes\wp-content\plugins\woocommerce\packages\action-scheduler\classes\migration\ActionScheduler_DBStoreMigrator.php on line 44

2020-06-11T10:27:34+00:00 CRITICAL Uncaught RuntimeException: Error saving action: Error saving action: Database error. in C:\xampp\htdocs\art-clothes\wp-content\plugins\woocommerce\packages\action-scheduler\classes\migration\ActionScheduler_DBStoreMigrator.php:44
Stack trace:
#0 C:\xampp\htdocs\art-clothes\wp-content\plugins\woocommerce\packages\action-scheduler\classes\data-stores\ActionScheduler_HybridStore.php(242): ActionScheduler_DBStoreMigrator->save_action(Object(ActionScheduler_Action), NULL)
#1 C:\xampp\htdocs\art-clothes\wp-content\plugins\woocommerce\packages\action-scheduler\classes\ActionScheduler_ActionFactory.php(177): ActionScheduler_HybridStore->save_action(Object(ActionScheduler_Action))
#2 C:\xampp\htdocs\art-clothes\wp-content\plugins\woocommerce\packages\action-scheduler\classes\ActionScheduler_ActionFactory.php(84): ActionScheduler_ActionFactory->store(Object(ActionScheduler_Action))
#3 C:\xampp\htdocs\art-clothes\wp-content\plugins\woocommerce\packages\action-scheduler\functions.php(36): ActionScheduler_ActionFactory->s in C:\xampp\htdocs\art-clothes\wp-content\plugins\woocommerce\packages\action-scheduler\classes\migration\ActionScheduler_DBStoreMigrator.php on line 44

2020-06-11T10:27:34+00:00 CRITICAL Uncaught RuntimeException: Error saving action: Error saving action: Database error. in C:\xampp\htdocs\art-clothes\wp-content\plugins\woocommerce\packages\action-scheduler\classes\migration\ActionScheduler_DBStoreMigrator.php:44
Stack trace:
#0 C:\xampp\htdocs\art-clothes\wp-content\plugins\woocommerce\packages\action-scheduler\classes\data-stores\ActionScheduler_HybridStore.php(242): ActionScheduler_DBStoreMigrator->save_action(Object(ActionScheduler_Action), NULL)
#1 C:\xampp\htdocs\art-clothes\wp-content\plugins\woocommerce\packages\action-scheduler\classes\ActionScheduler_ActionFactory.php(177): ActionScheduler_HybridStore->save_action(Object(ActionScheduler_Action))
#2 C:\xampp\htdocs\art-clothes\wp-content\plugins\woocommerce\packages\action-scheduler\classes\ActionScheduler_ActionFactory.php(84): ActionScheduler_ActionFactory->store(Object(ActionScheduler_Action))
#3 C:\xampp\htdocs\art-clothes\wp-content\plugins\woocommerce\packages\action-scheduler\functions.php(36): ActionScheduler_ActionFactory->s in C:\xampp\htdocs\art-clothes\wp-content\plugins\woocommerce\packages\action-scheduler\classes\migration\ActionScheduler_DBStoreMigrator.php on line 44

2020-06-11T10:29:35+00:00 CRITICAL Uncaught RuntimeException: Error saving action: Error saving action: Database error. in C:\xampp\htdocs\art-clothes\wp-content\plugins\woocommerce\packages\action-scheduler\classes\migration\ActionScheduler_DBStoreMigrator.php:44
Stack trace:
#0 C:\xampp\htdocs\art-clothes\wp-content\plugins\woocommerce\packages\action-scheduler\classes\data-stores\ActionScheduler_HybridStore.php(242): ActionScheduler_DBStoreMigrator->save_action(Object(ActionScheduler_Action), NULL)
#1 C:\xampp\htdocs\art-clothes\wp-content\plugins\woocommerce\packages\action-scheduler\classes\ActionScheduler_ActionFactory.php(177): ActionScheduler_HybridStore->save_action(Object(ActionScheduler_Action))
#2 C:\xampp\htdocs\art-clothes\wp-content\plugins\woocommerce\packages\action-scheduler\classes\ActionScheduler_ActionFactory.php(84): ActionScheduler_ActionFactory->store(Object(ActionScheduler_Action))
#3 C:\xampp\htdocs\art-clothes\wp-content\plugins\woocommerce\packages\action-scheduler\functions.php(36): ActionScheduler_ActionFactory->s in C:\xampp\htdocs\art-clothes\wp-content\plugins\woocommerce\packages\action-scheduler\classes\migration\ActionScheduler_DBStoreMigrator.php on line 44

2020-06-11T10:29:35+00:00 CRITICAL Uncaught RuntimeException: Error saving action: Error saving action: Database error. in C:\xampp\htdocs\art-clothes\wp-content\plugins\woocommerce\packages\action-scheduler\classes\migration\ActionScheduler_DBStoreMigrator.php:44
Stack trace:
#0 C:\xampp\htdocs\art-clothes\wp-content\plugins\woocommerce\packages\action-scheduler\classes\data-stores\ActionScheduler_HybridStore.php(242): ActionScheduler_DBStoreMigrator->save_action(Object(ActionScheduler_Action), NULL)
#1 C:\xampp\htdocs\art-clothes\wp-content\plugins\woocommerce\packages\action-scheduler\classes\ActionScheduler_ActionFactory.php(177): ActionScheduler_HybridStore->save_action(Object(ActionScheduler_Action))
#2 C:\xampp\htdocs\art-clothes\wp-content\plugins\woocommerce\packages\action-scheduler\classes\ActionScheduler_ActionFactory.php(84): ActionScheduler_ActionFactory->store(Object(ActionScheduler_Action))
#3 C:\xampp\htdocs\art-clothes\wp-content\plugins\woocommerce\packages\action-scheduler\functions.php(36): ActionScheduler_ActionFactory->s in C:\xampp\htdocs\art-clothes\wp-content\plugins\woocommerce\packages\action-scheduler\classes\migration\ActionScheduler_DBStoreMigrator.php on line 44

2020-06-11T10:29:35+00:00 CRITICAL Uncaught RuntimeException: Error saving action: Error saving action: Database error. in C:\xampp\htdocs\art-clothes\wp-content\plugins\woocommerce\packages\action-scheduler\classes\migration\ActionScheduler_DBStoreMigrator.php:44
Stack trace:
#0 C:\xampp\htdocs\art-clothes\wp-content\plugins\woocommerce\packages\action-scheduler\classes\data-stores\ActionScheduler_HybridStore.php(242): ActionScheduler_DBStoreMigrator->save_action(Object(ActionScheduler_Action), NULL)
#1 C:\xampp\htdocs\art-clothes\wp-content\plugins\woocommerce\packages\action-scheduler\classes\ActionScheduler_ActionFactory.php(177): ActionScheduler_HybridStore->save_action(Object(ActionScheduler_Action))
#2 C:\xampp\htdocs\art-clothes\wp-content\plugins\woocommerce\packages\action-scheduler\classes\ActionScheduler_ActionFactory.php(84): ActionScheduler_ActionFactory->store(Object(ActionScheduler_Action))
#3 C:\xampp\htdocs\art-clothes\wp-content\plugins\woocommerce\packages\action-scheduler\functions.php(36): ActionScheduler_ActionFactory->s in C:\xampp\htdocs\art-clothes\wp-content\plugins\woocommerce\packages\action-scheduler\classes\migration\ActionScheduler_DBStoreMigrator.php on line 44

2020-06-11T10:31:16+00:00 CRITICAL Uncaught RuntimeException: Error saving action: Database error. in C:\xampp\htdocs\art-clothes\wp-content\plugins\woocommerce\packages\action-scheduler\classes\data-stores\ActionScheduler_DBStore.php:75
Stack trace:
#0 C:\xampp\htdocs\art-clothes\wp-content\plugins\woocommerce\packages\action-scheduler\classes\ActionScheduler_ActionFactory.php(177): ActionScheduler_DBStore->save_action(Object(ActionScheduler_Action))
#1 C:\xampp\htdocs\art-clothes\wp-content\plugins\woocommerce\packages\action-scheduler\classes\ActionScheduler_ActionFactory.php(105): ActionScheduler_ActionFactory->store(Object(ActionScheduler_Action))
#2 C:\xampp\htdocs\art-clothes\wp-content\plugins\woocommerce\packages\action-scheduler\functions.php(54): ActionScheduler_ActionFactory->recurring('woocommerce_cle...', Array, false, 86400, '')
#3 C:\xampp\htdocs\art-clothes\wp-content\plugins\woo-gutenberg-products-block\src\Installer.php(129): as_schedule_recurring_action(false, 86400, 'woocommerce_cle...')
#4 C:\xampp\htdocs\art-clothes\wp-c in C:\xampp\htdocs\art-clothes\wp-content\plugins\woocommerce\packages\action-scheduler\classes\data-stores\ActionScheduler_DBStore.php on line 75

2020-06-11T10:31:30+00:00 CRITICAL Uncaught RuntimeException: Error saving action: Database error. in C:\xampp\htdocs\art-clothes\wp-content\plugins\woocommerce\packages\action-scheduler\classes\data-stores\ActionScheduler_DBStore.php:75
Stack trace:
#0 C:\xampp\htdocs\art-clothes\wp-content\plugins\woocommerce\packages\action-scheduler\classes\ActionScheduler_ActionFactory.php(177): ActionScheduler_DBStore->save_action(Object(ActionScheduler_Action))
#1 C:\xampp\htdocs\art-clothes\wp-content\plugins\woocommerce\packages\action-scheduler\classes\ActionScheduler_ActionFactory.php(105): ActionScheduler_ActionFactory->store(Object(ActionScheduler_Action))
#2 C:\xampp\htdocs\art-clothes\wp-content\plugins\woocommerce\packages\action-scheduler\functions.php(54): ActionScheduler_ActionFactory->recurring('woocommerce_cle...', Array, false, 86400, '')
#3 C:\xampp\htdocs\art-clothes\wp-content\plugins\woo-gutenberg-products-block\src\Installer.php(129): as_schedule_recurring_action(false, 86400, 'woocommerce_cle...')
#4 C:\xampp\htdocs\art-clothes\wp-c in C:\xampp\htdocs\art-clothes\wp-content\plugins\woocommerce\packages\action-scheduler\classes\data-stores\ActionScheduler_DBStore.php on line 75

